[2024-12-29T00:26:45.661+0000] {processor.py:186} INFO - Started process (PID=6788) to work on /opt/airflow/dags/ecommerse_etl.py
[2024-12-29T00:26:45.663+0000] {processor.py:914} INFO - Processing file /opt/airflow/dags/ecommerse_etl.py for tasks to queue
[2024-12-29T00:26:45.667+0000] {logging_mixin.py:190} INFO - [2024-12-29T00:26:45.666+0000] {dagbag.py:588} INFO - Filling up the DagBag from /opt/airflow/dags/ecommerse_etl.py
[2024-12-29T00:26:45.735+0000] {processor.py:925} INFO - DAG(s) 'etl_sales_analysis_test' retrieved from /opt/airflow/dags/ecommerse_etl.py
[2024-12-29T00:26:46.184+0000] {logging_mixin.py:190} INFO - [2024-12-29T00:26:46.184+0000] {dag.py:3239} INFO - Sync 1 DAGs
[2024-12-29T00:26:46.241+0000] {logging_mixin.py:190} INFO - [2024-12-29T00:26:46.240+0000] {dag.py:4180} INFO - Setting next_dagrun for etl_sales_analysis_test to 2024-12-28 00:00:00+00:00, run_after=2024-12-29 00:00:00+00:00
[2024-12-29T00:26:46.297+0000] {processor.py:208} INFO - Processing /opt/airflow/dags/ecommerse_etl.py took 0.656 seconds
[2024-12-29T00:27:16.543+0000] {processor.py:186} INFO - Started process (PID=6853) to work on /opt/airflow/dags/ecommerse_etl.py
[2024-12-29T00:27:16.545+0000] {processor.py:914} INFO - Processing file /opt/airflow/dags/ecommerse_etl.py for tasks to queue
[2024-12-29T00:27:16.547+0000] {logging_mixin.py:190} INFO - [2024-12-29T00:27:16.547+0000] {dagbag.py:588} INFO - Filling up the DagBag from /opt/airflow/dags/ecommerse_etl.py
[2024-12-29T00:27:16.586+0000] {processor.py:925} INFO - DAG(s) 'etl_sales_analysis_test' retrieved from /opt/airflow/dags/ecommerse_etl.py
[2024-12-29T00:27:16.638+0000] {logging_mixin.py:190} INFO - [2024-12-29T00:27:16.638+0000] {dag.py:3239} INFO - Sync 1 DAGs
[2024-12-29T00:27:16.704+0000] {logging_mixin.py:190} INFO - [2024-12-29T00:27:16.703+0000] {dag.py:4180} INFO - Setting next_dagrun for etl_sales_analysis_test to 2024-12-28 00:00:00+00:00, run_after=2024-12-29 00:00:00+00:00
[2024-12-29T00:27:16.765+0000] {processor.py:208} INFO - Processing /opt/airflow/dags/ecommerse_etl.py took 0.236 seconds
[2024-12-29T00:27:46.912+0000] {processor.py:186} INFO - Started process (PID=6919) to work on /opt/airflow/dags/ecommerse_etl.py
[2024-12-29T00:27:46.915+0000] {processor.py:914} INFO - Processing file /opt/airflow/dags/ecommerse_etl.py for tasks to queue
[2024-12-29T00:27:46.919+0000] {logging_mixin.py:190} INFO - [2024-12-29T00:27:46.918+0000] {dagbag.py:588} INFO - Filling up the DagBag from /opt/airflow/dags/ecommerse_etl.py
[2024-12-29T00:27:46.957+0000] {processor.py:925} INFO - DAG(s) 'etl_sales_analysis_test' retrieved from /opt/airflow/dags/ecommerse_etl.py
[2024-12-29T00:27:47.000+0000] {logging_mixin.py:190} INFO - [2024-12-29T00:27:47.000+0000] {dag.py:3239} INFO - Sync 1 DAGs
[2024-12-29T00:27:47.062+0000] {logging_mixin.py:190} INFO - [2024-12-29T00:27:47.061+0000] {dag.py:4180} INFO - Setting next_dagrun for etl_sales_analysis_test to 2024-12-28 00:00:00+00:00, run_after=2024-12-29 00:00:00+00:00
[2024-12-29T00:27:47.101+0000] {processor.py:208} INFO - Processing /opt/airflow/dags/ecommerse_etl.py took 0.209 seconds
[2024-12-29T00:28:17.694+0000] {processor.py:186} INFO - Started process (PID=6983) to work on /opt/airflow/dags/ecommerse_etl.py
[2024-12-29T00:28:17.696+0000] {processor.py:914} INFO - Processing file /opt/airflow/dags/ecommerse_etl.py for tasks to queue
[2024-12-29T00:28:17.699+0000] {logging_mixin.py:190} INFO - [2024-12-29T00:28:17.698+0000] {dagbag.py:588} INFO - Filling up the DagBag from /opt/airflow/dags/ecommerse_etl.py
[2024-12-29T00:28:17.729+0000] {processor.py:925} INFO - DAG(s) 'etl_sales_analysis_test' retrieved from /opt/airflow/dags/ecommerse_etl.py
[2024-12-29T00:28:17.774+0000] {logging_mixin.py:190} INFO - [2024-12-29T00:28:17.773+0000] {dag.py:3239} INFO - Sync 1 DAGs
[2024-12-29T00:28:17.826+0000] {logging_mixin.py:190} INFO - [2024-12-29T00:28:17.825+0000] {dag.py:4180} INFO - Setting next_dagrun for etl_sales_analysis_test to 2024-12-28 00:00:00+00:00, run_after=2024-12-29 00:00:00+00:00
[2024-12-29T00:28:17.860+0000] {processor.py:208} INFO - Processing /opt/airflow/dags/ecommerse_etl.py took 0.179 seconds
[2024-12-29T00:28:48.053+0000] {processor.py:186} INFO - Started process (PID=7047) to work on /opt/airflow/dags/ecommerse_etl.py
[2024-12-29T00:28:48.056+0000] {processor.py:914} INFO - Processing file /opt/airflow/dags/ecommerse_etl.py for tasks to queue
[2024-12-29T00:28:48.059+0000] {logging_mixin.py:190} INFO - [2024-12-29T00:28:48.058+0000] {dagbag.py:588} INFO - Filling up the DagBag from /opt/airflow/dags/ecommerse_etl.py
[2024-12-29T00:28:48.094+0000] {processor.py:925} INFO - DAG(s) 'etl_sales_analysis_test' retrieved from /opt/airflow/dags/ecommerse_etl.py
[2024-12-29T00:28:48.154+0000] {logging_mixin.py:190} INFO - [2024-12-29T00:28:48.154+0000] {dag.py:3239} INFO - Sync 1 DAGs
[2024-12-29T00:28:48.221+0000] {logging_mixin.py:190} INFO - [2024-12-29T00:28:48.221+0000] {dag.py:4180} INFO - Setting next_dagrun for etl_sales_analysis_test to 2024-12-28 00:00:00+00:00, run_after=2024-12-29 00:00:00+00:00
[2024-12-29T00:28:48.270+0000] {processor.py:208} INFO - Processing /opt/airflow/dags/ecommerse_etl.py took 0.231 seconds
[2024-12-29T00:29:18.799+0000] {processor.py:186} INFO - Started process (PID=7111) to work on /opt/airflow/dags/ecommerse_etl.py
[2024-12-29T00:29:18.801+0000] {processor.py:914} INFO - Processing file /opt/airflow/dags/ecommerse_etl.py for tasks to queue
[2024-12-29T00:29:18.804+0000] {logging_mixin.py:190} INFO - [2024-12-29T00:29:18.804+0000] {dagbag.py:588} INFO - Filling up the DagBag from /opt/airflow/dags/ecommerse_etl.py
[2024-12-29T00:29:18.840+0000] {processor.py:925} INFO - DAG(s) 'etl_sales_analysis_test' retrieved from /opt/airflow/dags/ecommerse_etl.py
[2024-12-29T00:29:18.891+0000] {logging_mixin.py:190} INFO - [2024-12-29T00:29:18.890+0000] {dag.py:3239} INFO - Sync 1 DAGs
[2024-12-29T00:29:18.949+0000] {logging_mixin.py:190} INFO - [2024-12-29T00:29:18.948+0000] {dag.py:4180} INFO - Setting next_dagrun for etl_sales_analysis_test to 2024-12-28 00:00:00+00:00, run_after=2024-12-29 00:00:00+00:00
[2024-12-29T00:29:18.984+0000] {processor.py:208} INFO - Processing /opt/airflow/dags/ecommerse_etl.py took 0.200 seconds
[2024-12-29T00:29:49.224+0000] {processor.py:186} INFO - Started process (PID=7175) to work on /opt/airflow/dags/ecommerse_etl.py
[2024-12-29T00:29:49.226+0000] {processor.py:914} INFO - Processing file /opt/airflow/dags/ecommerse_etl.py for tasks to queue
[2024-12-29T00:29:49.230+0000] {logging_mixin.py:190} INFO - [2024-12-29T00:29:49.229+0000] {dagbag.py:588} INFO - Filling up the DagBag from /opt/airflow/dags/ecommerse_etl.py
[2024-12-29T00:29:49.266+0000] {processor.py:925} INFO - DAG(s) 'etl_sales_analysis_test' retrieved from /opt/airflow/dags/ecommerse_etl.py
[2024-12-29T00:29:49.337+0000] {logging_mixin.py:190} INFO - [2024-12-29T00:29:49.337+0000] {dag.py:3239} INFO - Sync 1 DAGs
[2024-12-29T00:29:49.419+0000] {logging_mixin.py:190} INFO - [2024-12-29T00:29:49.418+0000] {dag.py:4180} INFO - Setting next_dagrun for etl_sales_analysis_test to 2024-12-28 00:00:00+00:00, run_after=2024-12-29 00:00:00+00:00
[2024-12-29T00:29:49.509+0000] {processor.py:208} INFO - Processing /opt/airflow/dags/ecommerse_etl.py took 0.304 seconds
[2024-12-29T00:30:19.799+0000] {processor.py:186} INFO - Started process (PID=7238) to work on /opt/airflow/dags/ecommerse_etl.py
[2024-12-29T00:30:19.801+0000] {processor.py:914} INFO - Processing file /opt/airflow/dags/ecommerse_etl.py for tasks to queue
[2024-12-29T00:30:19.805+0000] {logging_mixin.py:190} INFO - [2024-12-29T00:30:19.804+0000] {dagbag.py:588} INFO - Filling up the DagBag from /opt/airflow/dags/ecommerse_etl.py
[2024-12-29T00:30:19.834+0000] {processor.py:925} INFO - DAG(s) 'etl_sales_analysis_test' retrieved from /opt/airflow/dags/ecommerse_etl.py
[2024-12-29T00:30:19.879+0000] {logging_mixin.py:190} INFO - [2024-12-29T00:30:19.879+0000] {dag.py:3239} INFO - Sync 1 DAGs
[2024-12-29T00:30:19.931+0000] {logging_mixin.py:190} INFO - [2024-12-29T00:30:19.931+0000] {dag.py:4180} INFO - Setting next_dagrun for etl_sales_analysis_test to 2024-12-28 00:00:00+00:00, run_after=2024-12-29 00:00:00+00:00
[2024-12-29T00:30:19.967+0000] {processor.py:208} INFO - Processing /opt/airflow/dags/ecommerse_etl.py took 0.182 seconds
[2024-12-29T00:30:50.211+0000] {processor.py:186} INFO - Started process (PID=7302) to work on /opt/airflow/dags/ecommerse_etl.py
[2024-12-29T00:30:50.213+0000] {processor.py:914} INFO - Processing file /opt/airflow/dags/ecommerse_etl.py for tasks to queue
[2024-12-29T00:30:50.215+0000] {logging_mixin.py:190} INFO - [2024-12-29T00:30:50.214+0000] {dagbag.py:588} INFO - Filling up the DagBag from /opt/airflow/dags/ecommerse_etl.py
[2024-12-29T00:30:50.248+0000] {processor.py:925} INFO - DAG(s) 'etl_sales_analysis_test' retrieved from /opt/airflow/dags/ecommerse_etl.py
[2024-12-29T00:30:50.299+0000] {logging_mixin.py:190} INFO - [2024-12-29T00:30:50.298+0000] {dag.py:3239} INFO - Sync 1 DAGs
[2024-12-29T00:30:50.352+0000] {logging_mixin.py:190} INFO - [2024-12-29T00:30:50.351+0000] {dag.py:4180} INFO - Setting next_dagrun for etl_sales_analysis_test to 2024-12-28 00:00:00+00:00, run_after=2024-12-29 00:00:00+00:00
[2024-12-29T00:30:50.394+0000] {processor.py:208} INFO - Processing /opt/airflow/dags/ecommerse_etl.py took 0.195 seconds
[2024-12-29T00:31:20.573+0000] {processor.py:186} INFO - Started process (PID=7362) to work on /opt/airflow/dags/ecommerse_etl.py
[2024-12-29T00:31:20.575+0000] {processor.py:914} INFO - Processing file /opt/airflow/dags/ecommerse_etl.py for tasks to queue
[2024-12-29T00:31:20.577+0000] {logging_mixin.py:190} INFO - [2024-12-29T00:31:20.577+0000] {dagbag.py:588} INFO - Filling up the DagBag from /opt/airflow/dags/ecommerse_etl.py
[2024-12-29T00:31:20.606+0000] {processor.py:925} INFO - DAG(s) 'etl_sales_analysis_test' retrieved from /opt/airflow/dags/ecommerse_etl.py
[2024-12-29T00:31:20.656+0000] {logging_mixin.py:190} INFO - [2024-12-29T00:31:20.655+0000] {dag.py:3239} INFO - Sync 1 DAGs
[2024-12-29T00:31:20.716+0000] {logging_mixin.py:190} INFO - [2024-12-29T00:31:20.716+0000] {dag.py:4180} INFO - Setting next_dagrun for etl_sales_analysis_test to 2024-12-28 00:00:00+00:00, run_after=2024-12-29 00:00:00+00:00
[2024-12-29T00:31:20.753+0000] {processor.py:208} INFO - Processing /opt/airflow/dags/ecommerse_etl.py took 0.194 seconds
[2024-12-29T00:31:50.908+0000] {processor.py:186} INFO - Started process (PID=7424) to work on /opt/airflow/dags/ecommerse_etl.py
[2024-12-29T00:31:50.910+0000] {processor.py:914} INFO - Processing file /opt/airflow/dags/ecommerse_etl.py for tasks to queue
[2024-12-29T00:31:50.913+0000] {logging_mixin.py:190} INFO - [2024-12-29T00:31:50.912+0000] {dagbag.py:588} INFO - Filling up the DagBag from /opt/airflow/dags/ecommerse_etl.py
[2024-12-29T00:31:50.937+0000] {processor.py:925} INFO - DAG(s) 'etl_sales_analysis_test' retrieved from /opt/airflow/dags/ecommerse_etl.py
[2024-12-29T00:31:50.985+0000] {logging_mixin.py:190} INFO - [2024-12-29T00:31:50.985+0000] {dag.py:3239} INFO - Sync 1 DAGs
[2024-12-29T00:31:51.033+0000] {logging_mixin.py:190} INFO - [2024-12-29T00:31:51.032+0000] {dag.py:4180} INFO - Setting next_dagrun for etl_sales_analysis_test to 2024-12-28 00:00:00+00:00, run_after=2024-12-29 00:00:00+00:00
[2024-12-29T00:31:51.062+0000] {processor.py:208} INFO - Processing /opt/airflow/dags/ecommerse_etl.py took 0.167 seconds
[2024-12-29T00:32:21.105+0000] {processor.py:186} INFO - Started process (PID=7486) to work on /opt/airflow/dags/ecommerse_etl.py
[2024-12-29T00:32:21.106+0000] {processor.py:914} INFO - Processing file /opt/airflow/dags/ecommerse_etl.py for tasks to queue
[2024-12-29T00:32:21.109+0000] {logging_mixin.py:190} INFO - [2024-12-29T00:32:21.108+0000] {dagbag.py:588} INFO - Filling up the DagBag from /opt/airflow/dags/ecommerse_etl.py
[2024-12-29T00:32:21.138+0000] {processor.py:925} INFO - DAG(s) 'etl_sales_analysis_test' retrieved from /opt/airflow/dags/ecommerse_etl.py
[2024-12-29T00:32:21.178+0000] {logging_mixin.py:190} INFO - [2024-12-29T00:32:21.178+0000] {dag.py:3239} INFO - Sync 1 DAGs
[2024-12-29T00:32:21.227+0000] {logging_mixin.py:190} INFO - [2024-12-29T00:32:21.226+0000] {dag.py:4180} INFO - Setting next_dagrun for etl_sales_analysis_test to 2024-12-28 00:00:00+00:00, run_after=2024-12-29 00:00:00+00:00
[2024-12-29T00:32:21.259+0000] {processor.py:208} INFO - Processing /opt/airflow/dags/ecommerse_etl.py took 0.165 seconds
[2024-12-29T00:32:51.469+0000] {processor.py:186} INFO - Started process (PID=7551) to work on /opt/airflow/dags/ecommerse_etl.py
[2024-12-29T00:32:51.471+0000] {processor.py:914} INFO - Processing file /opt/airflow/dags/ecommerse_etl.py for tasks to queue
[2024-12-29T00:32:51.473+0000] {logging_mixin.py:190} INFO - [2024-12-29T00:32:51.473+0000] {dagbag.py:588} INFO - Filling up the DagBag from /opt/airflow/dags/ecommerse_etl.py
[2024-12-29T00:32:51.496+0000] {processor.py:925} INFO - DAG(s) 'etl_sales_analysis_test' retrieved from /opt/airflow/dags/ecommerse_etl.py
[2024-12-29T00:32:51.534+0000] {logging_mixin.py:190} INFO - [2024-12-29T00:32:51.534+0000] {dag.py:3239} INFO - Sync 1 DAGs
[2024-12-29T00:32:51.579+0000] {logging_mixin.py:190} INFO - [2024-12-29T00:32:51.579+0000] {dag.py:4180} INFO - Setting next_dagrun for etl_sales_analysis_test to 2024-12-28 00:00:00+00:00, run_after=2024-12-29 00:00:00+00:00
[2024-12-29T00:32:51.611+0000] {processor.py:208} INFO - Processing /opt/airflow/dags/ecommerse_etl.py took 0.154 seconds
[2024-12-29T00:33:21.771+0000] {processor.py:186} INFO - Started process (PID=7615) to work on /opt/airflow/dags/ecommerse_etl.py
[2024-12-29T00:33:21.774+0000] {processor.py:914} INFO - Processing file /opt/airflow/dags/ecommerse_etl.py for tasks to queue
[2024-12-29T00:33:21.777+0000] {logging_mixin.py:190} INFO - [2024-12-29T00:33:21.777+0000] {dagbag.py:588} INFO - Filling up the DagBag from /opt/airflow/dags/ecommerse_etl.py
[2024-12-29T00:33:21.807+0000] {processor.py:925} INFO - DAG(s) 'etl_sales_analysis_test' retrieved from /opt/airflow/dags/ecommerse_etl.py
[2024-12-29T00:33:21.848+0000] {logging_mixin.py:190} INFO - [2024-12-29T00:33:21.848+0000] {dag.py:3239} INFO - Sync 1 DAGs
[2024-12-29T00:33:21.901+0000] {logging_mixin.py:190} INFO - [2024-12-29T00:33:21.900+0000] {dag.py:4180} INFO - Setting next_dagrun for etl_sales_analysis_test to 2024-12-28 00:00:00+00:00, run_after=2024-12-29 00:00:00+00:00
[2024-12-29T00:33:21.932+0000] {processor.py:208} INFO - Processing /opt/airflow/dags/ecommerse_etl.py took 0.172 seconds
[2024-12-29T00:33:52.027+0000] {processor.py:186} INFO - Started process (PID=7677) to work on /opt/airflow/dags/ecommerse_etl.py
[2024-12-29T00:33:52.028+0000] {processor.py:914} INFO - Processing file /opt/airflow/dags/ecommerse_etl.py for tasks to queue
[2024-12-29T00:33:52.030+0000] {logging_mixin.py:190} INFO - [2024-12-29T00:33:52.030+0000] {dagbag.py:588} INFO - Filling up the DagBag from /opt/airflow/dags/ecommerse_etl.py
[2024-12-29T00:33:52.052+0000] {processor.py:925} INFO - DAG(s) 'etl_sales_analysis_test' retrieved from /opt/airflow/dags/ecommerse_etl.py
[2024-12-29T00:33:52.090+0000] {logging_mixin.py:190} INFO - [2024-12-29T00:33:52.090+0000] {dag.py:3239} INFO - Sync 1 DAGs
[2024-12-29T00:33:52.133+0000] {logging_mixin.py:190} INFO - [2024-12-29T00:33:52.133+0000] {dag.py:4180} INFO - Setting next_dagrun for etl_sales_analysis_test to 2024-12-28 00:00:00+00:00, run_after=2024-12-29 00:00:00+00:00
[2024-12-29T00:33:52.161+0000] {processor.py:208} INFO - Processing /opt/airflow/dags/ecommerse_etl.py took 0.147 seconds
[2024-12-29T00:34:22.298+0000] {processor.py:186} INFO - Started process (PID=7741) to work on /opt/airflow/dags/ecommerse_etl.py
[2024-12-29T00:34:22.300+0000] {processor.py:914} INFO - Processing file /opt/airflow/dags/ecommerse_etl.py for tasks to queue
[2024-12-29T00:34:22.302+0000] {logging_mixin.py:190} INFO - [2024-12-29T00:34:22.302+0000] {dagbag.py:588} INFO - Filling up the DagBag from /opt/airflow/dags/ecommerse_etl.py
[2024-12-29T00:34:22.327+0000] {processor.py:925} INFO - DAG(s) 'etl_sales_analysis_test' retrieved from /opt/airflow/dags/ecommerse_etl.py
[2024-12-29T00:34:22.372+0000] {logging_mixin.py:190} INFO - [2024-12-29T00:34:22.371+0000] {dag.py:3239} INFO - Sync 1 DAGs
[2024-12-29T00:34:22.422+0000] {logging_mixin.py:190} INFO - [2024-12-29T00:34:22.422+0000] {dag.py:4180} INFO - Setting next_dagrun for etl_sales_analysis_test to 2024-12-28 00:00:00+00:00, run_after=2024-12-29 00:00:00+00:00
[2024-12-29T00:34:22.453+0000] {processor.py:208} INFO - Processing /opt/airflow/dags/ecommerse_etl.py took 0.168 seconds
[2024-12-29T00:34:52.855+0000] {processor.py:186} INFO - Started process (PID=7805) to work on /opt/airflow/dags/ecommerse_etl.py
[2024-12-29T00:34:52.858+0000] {processor.py:914} INFO - Processing file /opt/airflow/dags/ecommerse_etl.py for tasks to queue
[2024-12-29T00:34:52.861+0000] {logging_mixin.py:190} INFO - [2024-12-29T00:34:52.861+0000] {dagbag.py:588} INFO - Filling up the DagBag from /opt/airflow/dags/ecommerse_etl.py
[2024-12-29T00:34:52.891+0000] {processor.py:925} INFO - DAG(s) 'etl_sales_analysis_test' retrieved from /opt/airflow/dags/ecommerse_etl.py
[2024-12-29T00:34:52.949+0000] {logging_mixin.py:190} INFO - [2024-12-29T00:34:52.948+0000] {dag.py:3239} INFO - Sync 1 DAGs
[2024-12-29T00:34:53.001+0000] {logging_mixin.py:190} INFO - [2024-12-29T00:34:53.001+0000] {dag.py:4180} INFO - Setting next_dagrun for etl_sales_analysis_test to 2024-12-28 00:00:00+00:00, run_after=2024-12-29 00:00:00+00:00
[2024-12-29T00:34:53.038+0000] {processor.py:208} INFO - Processing /opt/airflow/dags/ecommerse_etl.py took 0.201 seconds
[2024-12-29T00:35:23.637+0000] {processor.py:186} INFO - Started process (PID=7869) to work on /opt/airflow/dags/ecommerse_etl.py
[2024-12-29T00:35:23.641+0000] {processor.py:914} INFO - Processing file /opt/airflow/dags/ecommerse_etl.py for tasks to queue
[2024-12-29T00:35:23.645+0000] {logging_mixin.py:190} INFO - [2024-12-29T00:35:23.644+0000] {dagbag.py:588} INFO - Filling up the DagBag from /opt/airflow/dags/ecommerse_etl.py
[2024-12-29T00:35:23.717+0000] {processor.py:925} INFO - DAG(s) 'etl_sales_analysis_test' retrieved from /opt/airflow/dags/ecommerse_etl.py
[2024-12-29T00:35:23.882+0000] {logging_mixin.py:190} INFO - [2024-12-29T00:35:23.880+0000] {dag.py:3239} INFO - Sync 1 DAGs
[2024-12-29T00:35:24.050+0000] {logging_mixin.py:190} INFO - [2024-12-29T00:35:24.050+0000] {dag.py:4180} INFO - Setting next_dagrun for etl_sales_analysis_test to 2024-12-28 00:00:00+00:00, run_after=2024-12-29 00:00:00+00:00
[2024-12-29T00:35:24.105+0000] {processor.py:208} INFO - Processing /opt/airflow/dags/ecommerse_etl.py took 0.484 seconds
[2024-12-29T00:35:45.174+0000] {processor.py:186} INFO - Started process (PID=7914) to work on /opt/airflow/dags/ecommerse_etl.py
[2024-12-29T00:35:45.177+0000] {processor.py:914} INFO - Processing file /opt/airflow/dags/ecommerse_etl.py for tasks to queue
[2024-12-29T00:35:45.181+0000] {logging_mixin.py:190} INFO - [2024-12-29T00:35:45.180+0000] {dagbag.py:588} INFO - Filling up the DagBag from /opt/airflow/dags/ecommerse_etl.py
[2024-12-29T00:35:45.222+0000] {processor.py:925} INFO - DAG(s) 'etl_sales_analysis_test' retrieved from /opt/airflow/dags/ecommerse_etl.py
[2024-12-29T00:35:45.493+0000] {logging_mixin.py:190} INFO - [2024-12-29T00:35:45.493+0000] {dag.py:3239} INFO - Sync 1 DAGs
[2024-12-29T00:35:45.542+0000] {logging_mixin.py:190} INFO - [2024-12-29T00:35:45.541+0000] {dag.py:4180} INFO - Setting next_dagrun for etl_sales_analysis_test to 2024-12-28 00:00:00+00:00, run_after=2024-12-29 00:00:00+00:00
[2024-12-29T00:35:45.620+0000] {processor.py:208} INFO - Processing /opt/airflow/dags/ecommerse_etl.py took 0.462 seconds
[2024-12-29T00:35:46.207+0000] {processor.py:186} INFO - Started process (PID=7916) to work on /opt/airflow/dags/ecommerse_etl.py
[2024-12-29T00:35:46.208+0000] {processor.py:914} INFO - Processing file /opt/airflow/dags/ecommerse_etl.py for tasks to queue
[2024-12-29T00:35:46.211+0000] {logging_mixin.py:190} INFO - [2024-12-29T00:35:46.210+0000] {dagbag.py:588} INFO - Filling up the DagBag from /opt/airflow/dags/ecommerse_etl.py
[2024-12-29T00:35:46.238+0000] {processor.py:925} INFO - DAG(s) 'etl_sales_analysis_test' retrieved from /opt/airflow/dags/ecommerse_etl.py
[2024-12-29T00:35:46.263+0000] {logging_mixin.py:190} INFO - [2024-12-29T00:35:46.263+0000] {dag.py:3239} INFO - Sync 1 DAGs
[2024-12-29T00:35:46.375+0000] {logging_mixin.py:190} INFO - [2024-12-29T00:35:46.374+0000] {dag.py:4180} INFO - Setting next_dagrun for etl_sales_analysis_test to 2024-12-28 00:00:00+00:00, run_after=2024-12-29 00:00:00+00:00
[2024-12-29T00:35:46.424+0000] {processor.py:208} INFO - Processing /opt/airflow/dags/ecommerse_etl.py took 0.231 seconds
[2024-12-29T00:36:16.488+0000] {processor.py:186} INFO - Started process (PID=7979) to work on /opt/airflow/dags/ecommerse_etl.py
[2024-12-29T00:36:16.490+0000] {processor.py:914} INFO - Processing file /opt/airflow/dags/ecommerse_etl.py for tasks to queue
[2024-12-29T00:36:16.492+0000] {logging_mixin.py:190} INFO - [2024-12-29T00:36:16.492+0000] {dagbag.py:588} INFO - Filling up the DagBag from /opt/airflow/dags/ecommerse_etl.py
[2024-12-29T00:36:16.515+0000] {processor.py:925} INFO - DAG(s) 'etl_sales_analysis_test' retrieved from /opt/airflow/dags/ecommerse_etl.py
[2024-12-29T00:36:16.550+0000] {logging_mixin.py:190} INFO - [2024-12-29T00:36:16.550+0000] {dag.py:3239} INFO - Sync 1 DAGs
[2024-12-29T00:36:16.606+0000] {logging_mixin.py:190} INFO - [2024-12-29T00:36:16.605+0000] {dag.py:4180} INFO - Setting next_dagrun for etl_sales_analysis_test to 2024-12-28 00:00:00+00:00, run_after=2024-12-29 00:00:00+00:00
[2024-12-29T00:36:16.639+0000] {processor.py:208} INFO - Processing /opt/airflow/dags/ecommerse_etl.py took 0.161 seconds
[2024-12-29T00:36:47.121+0000] {processor.py:186} INFO - Started process (PID=8043) to work on /opt/airflow/dags/ecommerse_etl.py
[2024-12-29T00:36:47.123+0000] {processor.py:914} INFO - Processing file /opt/airflow/dags/ecommerse_etl.py for tasks to queue
[2024-12-29T00:36:47.126+0000] {logging_mixin.py:190} INFO - [2024-12-29T00:36:47.125+0000] {dagbag.py:588} INFO - Filling up the DagBag from /opt/airflow/dags/ecommerse_etl.py
[2024-12-29T00:36:47.156+0000] {processor.py:925} INFO - DAG(s) 'etl_sales_analysis_test' retrieved from /opt/airflow/dags/ecommerse_etl.py
[2024-12-29T00:36:47.211+0000] {logging_mixin.py:190} INFO - [2024-12-29T00:36:47.211+0000] {dag.py:3239} INFO - Sync 1 DAGs
[2024-12-29T00:36:47.385+0000] {logging_mixin.py:190} INFO - [2024-12-29T00:36:47.384+0000] {dag.py:4180} INFO - Setting next_dagrun for etl_sales_analysis_test to 2024-12-29 00:00:00+00:00, run_after=2024-12-30 00:00:00+00:00
[2024-12-29T00:36:47.456+0000] {processor.py:208} INFO - Processing /opt/airflow/dags/ecommerse_etl.py took 0.348 seconds
[2024-12-29T00:37:17.574+0000] {processor.py:186} INFO - Started process (PID=8106) to work on /opt/airflow/dags/ecommerse_etl.py
[2024-12-29T00:37:17.576+0000] {processor.py:914} INFO - Processing file /opt/airflow/dags/ecommerse_etl.py for tasks to queue
[2024-12-29T00:37:17.579+0000] {logging_mixin.py:190} INFO - [2024-12-29T00:37:17.578+0000] {dagbag.py:588} INFO - Filling up the DagBag from /opt/airflow/dags/ecommerse_etl.py
[2024-12-29T00:37:17.610+0000] {processor.py:925} INFO - DAG(s) 'etl_sales_analysis_test' retrieved from /opt/airflow/dags/ecommerse_etl.py
[2024-12-29T00:37:17.663+0000] {logging_mixin.py:190} INFO - [2024-12-29T00:37:17.662+0000] {dag.py:3239} INFO - Sync 1 DAGs
[2024-12-29T00:37:17.726+0000] {logging_mixin.py:190} INFO - [2024-12-29T00:37:17.725+0000] {dag.py:4180} INFO - Setting next_dagrun for etl_sales_analysis_test to 2024-12-29 00:00:00+00:00, run_after=2024-12-30 00:00:00+00:00
[2024-12-29T00:37:17.782+0000] {processor.py:208} INFO - Processing /opt/airflow/dags/ecommerse_etl.py took 0.224 seconds
[2024-12-29T00:37:48.631+0000] {processor.py:186} INFO - Started process (PID=8170) to work on /opt/airflow/dags/ecommerse_etl.py
[2024-12-29T00:37:48.633+0000] {processor.py:914} INFO - Processing file /opt/airflow/dags/ecommerse_etl.py for tasks to queue
[2024-12-29T00:37:48.636+0000] {logging_mixin.py:190} INFO - [2024-12-29T00:37:48.635+0000] {dagbag.py:588} INFO - Filling up the DagBag from /opt/airflow/dags/ecommerse_etl.py
[2024-12-29T00:37:48.664+0000] {processor.py:925} INFO - DAG(s) 'etl_sales_analysis_test' retrieved from /opt/airflow/dags/ecommerse_etl.py
[2024-12-29T00:37:48.709+0000] {logging_mixin.py:190} INFO - [2024-12-29T00:37:48.708+0000] {dag.py:3239} INFO - Sync 1 DAGs
[2024-12-29T00:37:48.763+0000] {logging_mixin.py:190} INFO - [2024-12-29T00:37:48.763+0000] {dag.py:4180} INFO - Setting next_dagrun for etl_sales_analysis_test to 2024-12-29 00:00:00+00:00, run_after=2024-12-30 00:00:00+00:00
[2024-12-29T00:37:48.801+0000] {processor.py:208} INFO - Processing /opt/airflow/dags/ecommerse_etl.py took 0.185 seconds
[2024-12-29T00:38:19.437+0000] {processor.py:186} INFO - Started process (PID=8239) to work on /opt/airflow/dags/ecommerse_etl.py
[2024-12-29T00:38:19.439+0000] {processor.py:914} INFO - Processing file /opt/airflow/dags/ecommerse_etl.py for tasks to queue
[2024-12-29T00:38:19.442+0000] {logging_mixin.py:190} INFO - [2024-12-29T00:38:19.441+0000] {dagbag.py:588} INFO - Filling up the DagBag from /opt/airflow/dags/ecommerse_etl.py
[2024-12-29T00:38:19.476+0000] {processor.py:925} INFO - DAG(s) 'etl_sales_analysis_test' retrieved from /opt/airflow/dags/ecommerse_etl.py
[2024-12-29T00:38:19.522+0000] {logging_mixin.py:190} INFO - [2024-12-29T00:38:19.521+0000] {dag.py:3239} INFO - Sync 1 DAGs
[2024-12-29T00:38:19.580+0000] {logging_mixin.py:190} INFO - [2024-12-29T00:38:19.579+0000] {dag.py:4180} INFO - Setting next_dagrun for etl_sales_analysis_test to 2024-12-29 00:00:00+00:00, run_after=2024-12-30 00:00:00+00:00
[2024-12-29T00:38:19.615+0000] {processor.py:208} INFO - Processing /opt/airflow/dags/ecommerse_etl.py took 0.190 seconds
[2024-12-29T00:38:49.856+0000] {processor.py:186} INFO - Started process (PID=8303) to work on /opt/airflow/dags/ecommerse_etl.py
[2024-12-29T00:38:49.857+0000] {processor.py:914} INFO - Processing file /opt/airflow/dags/ecommerse_etl.py for tasks to queue
[2024-12-29T00:38:49.860+0000] {logging_mixin.py:190} INFO - [2024-12-29T00:38:49.859+0000] {dagbag.py:588} INFO - Filling up the DagBag from /opt/airflow/dags/ecommerse_etl.py
[2024-12-29T00:38:49.885+0000] {processor.py:925} INFO - DAG(s) 'etl_sales_analysis_test' retrieved from /opt/airflow/dags/ecommerse_etl.py
[2024-12-29T00:38:49.927+0000] {logging_mixin.py:190} INFO - [2024-12-29T00:38:49.926+0000] {dag.py:3239} INFO - Sync 1 DAGs
[2024-12-29T00:38:49.980+0000] {logging_mixin.py:190} INFO - [2024-12-29T00:38:49.979+0000] {dag.py:4180} INFO - Setting next_dagrun for etl_sales_analysis_test to 2024-12-29 00:00:00+00:00, run_after=2024-12-30 00:00:00+00:00
[2024-12-29T00:38:50.014+0000] {processor.py:208} INFO - Processing /opt/airflow/dags/ecommerse_etl.py took 0.170 seconds
[2024-12-29T00:39:20.391+0000] {processor.py:186} INFO - Started process (PID=8367) to work on /opt/airflow/dags/ecommerse_etl.py
[2024-12-29T00:39:20.393+0000] {processor.py:914} INFO - Processing file /opt/airflow/dags/ecommerse_etl.py for tasks to queue
[2024-12-29T00:39:20.395+0000] {logging_mixin.py:190} INFO - [2024-12-29T00:39:20.394+0000] {dagbag.py:588} INFO - Filling up the DagBag from /opt/airflow/dags/ecommerse_etl.py
[2024-12-29T00:39:20.418+0000] {processor.py:925} INFO - DAG(s) 'etl_sales_analysis_test' retrieved from /opt/airflow/dags/ecommerse_etl.py
[2024-12-29T00:39:20.455+0000] {logging_mixin.py:190} INFO - [2024-12-29T00:39:20.455+0000] {dag.py:3239} INFO - Sync 1 DAGs
[2024-12-29T00:39:20.501+0000] {logging_mixin.py:190} INFO - [2024-12-29T00:39:20.501+0000] {dag.py:4180} INFO - Setting next_dagrun for etl_sales_analysis_test to 2024-12-29 00:00:00+00:00, run_after=2024-12-30 00:00:00+00:00
[2024-12-29T00:39:20.531+0000] {processor.py:208} INFO - Processing /opt/airflow/dags/ecommerse_etl.py took 0.152 seconds
[2024-12-29T00:39:51.256+0000] {processor.py:186} INFO - Started process (PID=8431) to work on /opt/airflow/dags/ecommerse_etl.py
[2024-12-29T00:39:51.258+0000] {processor.py:914} INFO - Processing file /opt/airflow/dags/ecommerse_etl.py for tasks to queue
[2024-12-29T00:39:51.263+0000] {logging_mixin.py:190} INFO - [2024-12-29T00:39:51.262+0000] {dagbag.py:588} INFO - Filling up the DagBag from /opt/airflow/dags/ecommerse_etl.py
[2024-12-29T00:39:51.289+0000] {processor.py:925} INFO - DAG(s) 'etl_sales_analysis_test' retrieved from /opt/airflow/dags/ecommerse_etl.py
[2024-12-29T00:39:51.357+0000] {logging_mixin.py:190} INFO - [2024-12-29T00:39:51.357+0000] {dag.py:3239} INFO - Sync 1 DAGs
[2024-12-29T00:39:51.412+0000] {logging_mixin.py:190} INFO - [2024-12-29T00:39:51.411+0000] {dag.py:4180} INFO - Setting next_dagrun for etl_sales_analysis_test to 2024-12-29 00:00:00+00:00, run_after=2024-12-30 00:00:00+00:00
[2024-12-29T00:39:51.454+0000] {processor.py:208} INFO - Processing /opt/airflow/dags/ecommerse_etl.py took 0.211 seconds
[2024-12-29T00:40:21.850+0000] {processor.py:186} INFO - Started process (PID=8494) to work on /opt/airflow/dags/ecommerse_etl.py
[2024-12-29T00:40:21.852+0000] {processor.py:914} INFO - Processing file /opt/airflow/dags/ecommerse_etl.py for tasks to queue
[2024-12-29T00:40:21.854+0000] {logging_mixin.py:190} INFO - [2024-12-29T00:40:21.853+0000] {dagbag.py:588} INFO - Filling up the DagBag from /opt/airflow/dags/ecommerse_etl.py
[2024-12-29T00:40:21.876+0000] {processor.py:925} INFO - DAG(s) 'etl_sales_analysis_test' retrieved from /opt/airflow/dags/ecommerse_etl.py
[2024-12-29T00:40:21.913+0000] {logging_mixin.py:190} INFO - [2024-12-29T00:40:21.912+0000] {dag.py:3239} INFO - Sync 1 DAGs
[2024-12-29T00:40:21.969+0000] {logging_mixin.py:190} INFO - [2024-12-29T00:40:21.968+0000] {dag.py:4180} INFO - Setting next_dagrun for etl_sales_analysis_test to 2024-12-29 00:00:00+00:00, run_after=2024-12-30 00:00:00+00:00
[2024-12-29T00:40:22.000+0000] {processor.py:208} INFO - Processing /opt/airflow/dags/ecommerse_etl.py took 0.163 seconds
[2024-12-29T00:40:52.484+0000] {processor.py:186} INFO - Started process (PID=8558) to work on /opt/airflow/dags/ecommerse_etl.py
[2024-12-29T00:40:52.488+0000] {processor.py:914} INFO - Processing file /opt/airflow/dags/ecommerse_etl.py for tasks to queue
[2024-12-29T00:40:52.495+0000] {logging_mixin.py:190} INFO - [2024-12-29T00:40:52.494+0000] {dagbag.py:588} INFO - Filling up the DagBag from /opt/airflow/dags/ecommerse_etl.py
[2024-12-29T00:40:52.542+0000] {processor.py:925} INFO - DAG(s) 'etl_sales_analysis_test' retrieved from /opt/airflow/dags/ecommerse_etl.py
[2024-12-29T00:40:52.616+0000] {logging_mixin.py:190} INFO - [2024-12-29T00:40:52.615+0000] {dag.py:3239} INFO - Sync 1 DAGs
[2024-12-29T00:40:52.708+0000] {logging_mixin.py:190} INFO - [2024-12-29T00:40:52.707+0000] {dag.py:4180} INFO - Setting next_dagrun for etl_sales_analysis_test to 2024-12-29 00:00:00+00:00, run_after=2024-12-30 00:00:00+00:00
[2024-12-29T00:40:52.764+0000] {processor.py:208} INFO - Processing /opt/airflow/dags/ecommerse_etl.py took 0.305 seconds
[2024-12-29T00:41:23.536+0000] {processor.py:186} INFO - Started process (PID=8621) to work on /opt/airflow/dags/ecommerse_etl.py
[2024-12-29T00:41:23.541+0000] {processor.py:914} INFO - Processing file /opt/airflow/dags/ecommerse_etl.py for tasks to queue
[2024-12-29T00:41:23.547+0000] {logging_mixin.py:190} INFO - [2024-12-29T00:41:23.546+0000] {dagbag.py:588} INFO - Filling up the DagBag from /opt/airflow/dags/ecommerse_etl.py
[2024-12-29T00:41:23.613+0000] {processor.py:925} INFO - DAG(s) 'etl_sales_analysis_test' retrieved from /opt/airflow/dags/ecommerse_etl.py
[2024-12-29T00:41:23.736+0000] {logging_mixin.py:190} INFO - [2024-12-29T00:41:23.735+0000] {dag.py:3239} INFO - Sync 1 DAGs
[2024-12-29T00:41:23.913+0000] {logging_mixin.py:190} INFO - [2024-12-29T00:41:23.911+0000] {dag.py:4180} INFO - Setting next_dagrun for etl_sales_analysis_test to 2024-12-29 00:00:00+00:00, run_after=2024-12-30 00:00:00+00:00
[2024-12-29T00:41:24.022+0000] {processor.py:208} INFO - Processing /opt/airflow/dags/ecommerse_etl.py took 0.520 seconds
[2024-12-29T00:41:54.509+0000] {processor.py:186} INFO - Started process (PID=8685) to work on /opt/airflow/dags/ecommerse_etl.py
[2024-12-29T00:41:54.511+0000] {processor.py:914} INFO - Processing file /opt/airflow/dags/ecommerse_etl.py for tasks to queue
[2024-12-29T00:41:54.514+0000] {logging_mixin.py:190} INFO - [2024-12-29T00:41:54.514+0000] {dagbag.py:588} INFO - Filling up the DagBag from /opt/airflow/dags/ecommerse_etl.py
[2024-12-29T00:41:54.543+0000] {processor.py:925} INFO - DAG(s) 'etl_sales_analysis_test' retrieved from /opt/airflow/dags/ecommerse_etl.py
[2024-12-29T00:41:54.588+0000] {logging_mixin.py:190} INFO - [2024-12-29T00:41:54.587+0000] {dag.py:3239} INFO - Sync 1 DAGs
[2024-12-29T00:41:54.646+0000] {logging_mixin.py:190} INFO - [2024-12-29T00:41:54.645+0000] {dag.py:4180} INFO - Setting next_dagrun for etl_sales_analysis_test to 2024-12-29 00:00:00+00:00, run_after=2024-12-30 00:00:00+00:00
[2024-12-29T00:41:54.682+0000] {processor.py:208} INFO - Processing /opt/airflow/dags/ecommerse_etl.py took 0.186 seconds
[2024-12-29T00:42:25.024+0000] {processor.py:186} INFO - Started process (PID=8748) to work on /opt/airflow/dags/ecommerse_etl.py
[2024-12-29T00:42:25.028+0000] {processor.py:914} INFO - Processing file /opt/airflow/dags/ecommerse_etl.py for tasks to queue
[2024-12-29T00:42:25.031+0000] {logging_mixin.py:190} INFO - [2024-12-29T00:42:25.030+0000] {dagbag.py:588} INFO - Filling up the DagBag from /opt/airflow/dags/ecommerse_etl.py
[2024-12-29T00:42:25.070+0000] {processor.py:925} INFO - DAG(s) 'etl_sales_analysis_test' retrieved from /opt/airflow/dags/ecommerse_etl.py
[2024-12-29T00:42:25.147+0000] {logging_mixin.py:190} INFO - [2024-12-29T00:42:25.146+0000] {dag.py:3239} INFO - Sync 1 DAGs
[2024-12-29T00:42:25.215+0000] {logging_mixin.py:190} INFO - [2024-12-29T00:42:25.214+0000] {dag.py:4180} INFO - Setting next_dagrun for etl_sales_analysis_test to 2024-12-29 00:00:00+00:00, run_after=2024-12-30 00:00:00+00:00
[2024-12-29T00:42:25.250+0000] {processor.py:208} INFO - Processing /opt/airflow/dags/ecommerse_etl.py took 0.245 seconds
[2024-12-29T00:42:55.448+0000] {processor.py:186} INFO - Started process (PID=8812) to work on /opt/airflow/dags/ecommerse_etl.py
[2024-12-29T00:42:55.450+0000] {processor.py:914} INFO - Processing file /opt/airflow/dags/ecommerse_etl.py for tasks to queue
[2024-12-29T00:42:55.453+0000] {logging_mixin.py:190} INFO - [2024-12-29T00:42:55.452+0000] {dagbag.py:588} INFO - Filling up the DagBag from /opt/airflow/dags/ecommerse_etl.py
[2024-12-29T00:42:55.483+0000] {processor.py:925} INFO - DAG(s) 'etl_sales_analysis_test' retrieved from /opt/airflow/dags/ecommerse_etl.py
[2024-12-29T00:42:55.538+0000] {logging_mixin.py:190} INFO - [2024-12-29T00:42:55.537+0000] {dag.py:3239} INFO - Sync 1 DAGs
[2024-12-29T00:42:55.604+0000] {logging_mixin.py:190} INFO - [2024-12-29T00:42:55.604+0000] {dag.py:4180} INFO - Setting next_dagrun for etl_sales_analysis_test to 2024-12-29 00:00:00+00:00, run_after=2024-12-30 00:00:00+00:00
[2024-12-29T00:42:55.954+0000] {processor.py:208} INFO - Processing /opt/airflow/dags/ecommerse_etl.py took 0.522 seconds
[2024-12-29T00:43:26.723+0000] {processor.py:186} INFO - Started process (PID=8876) to work on /opt/airflow/dags/ecommerse_etl.py
[2024-12-29T00:43:26.724+0000] {processor.py:914} INFO - Processing file /opt/airflow/dags/ecommerse_etl.py for tasks to queue
[2024-12-29T00:43:26.727+0000] {logging_mixin.py:190} INFO - [2024-12-29T00:43:26.726+0000] {dagbag.py:588} INFO - Filling up the DagBag from /opt/airflow/dags/ecommerse_etl.py
[2024-12-29T00:43:26.755+0000] {processor.py:925} INFO - DAG(s) 'etl_sales_analysis_test' retrieved from /opt/airflow/dags/ecommerse_etl.py
[2024-12-29T00:43:26.800+0000] {logging_mixin.py:190} INFO - [2024-12-29T00:43:26.800+0000] {dag.py:3239} INFO - Sync 1 DAGs
[2024-12-29T00:43:26.846+0000] {logging_mixin.py:190} INFO - [2024-12-29T00:43:26.845+0000] {dag.py:4180} INFO - Setting next_dagrun for etl_sales_analysis_test to 2024-12-29 00:00:00+00:00, run_after=2024-12-30 00:00:00+00:00
[2024-12-29T00:43:26.880+0000] {processor.py:208} INFO - Processing /opt/airflow/dags/ecommerse_etl.py took 0.168 seconds
[2024-12-29T00:43:56.947+0000] {processor.py:186} INFO - Started process (PID=8940) to work on /opt/airflow/dags/ecommerse_etl.py
[2024-12-29T00:43:56.951+0000] {processor.py:914} INFO - Processing file /opt/airflow/dags/ecommerse_etl.py for tasks to queue
[2024-12-29T00:43:56.963+0000] {logging_mixin.py:190} INFO - [2024-12-29T00:43:56.961+0000] {dagbag.py:588} INFO - Filling up the DagBag from /opt/airflow/dags/ecommerse_etl.py
[2024-12-29T00:43:57.008+0000] {processor.py:925} INFO - DAG(s) 'etl_sales_analysis_test' retrieved from /opt/airflow/dags/ecommerse_etl.py
[2024-12-29T00:43:57.056+0000] {logging_mixin.py:190} INFO - [2024-12-29T00:43:57.056+0000] {dag.py:3239} INFO - Sync 1 DAGs
[2024-12-29T00:43:57.110+0000] {logging_mixin.py:190} INFO - [2024-12-29T00:43:57.109+0000] {dag.py:4180} INFO - Setting next_dagrun for etl_sales_analysis_test to 2024-12-29 00:00:00+00:00, run_after=2024-12-30 00:00:00+00:00
[2024-12-29T00:43:57.148+0000] {processor.py:208} INFO - Processing /opt/airflow/dags/ecommerse_etl.py took 0.216 seconds
[2024-12-29T00:44:27.259+0000] {processor.py:186} INFO - Started process (PID=9004) to work on /opt/airflow/dags/ecommerse_etl.py
[2024-12-29T00:44:27.261+0000] {processor.py:914} INFO - Processing file /opt/airflow/dags/ecommerse_etl.py for tasks to queue
[2024-12-29T00:44:27.264+0000] {logging_mixin.py:190} INFO - [2024-12-29T00:44:27.263+0000] {dagbag.py:588} INFO - Filling up the DagBag from /opt/airflow/dags/ecommerse_etl.py
[2024-12-29T00:44:27.292+0000] {processor.py:925} INFO - DAG(s) 'etl_sales_analysis_test' retrieved from /opt/airflow/dags/ecommerse_etl.py
[2024-12-29T00:44:27.337+0000] {logging_mixin.py:190} INFO - [2024-12-29T00:44:27.337+0000] {dag.py:3239} INFO - Sync 1 DAGs
[2024-12-29T00:44:27.402+0000] {logging_mixin.py:190} INFO - [2024-12-29T00:44:27.402+0000] {dag.py:4180} INFO - Setting next_dagrun for etl_sales_analysis_test to 2024-12-29 00:00:00+00:00, run_after=2024-12-30 00:00:00+00:00
[2024-12-29T00:44:27.437+0000] {processor.py:208} INFO - Processing /opt/airflow/dags/ecommerse_etl.py took 0.191 seconds
[2024-12-29T00:44:58.203+0000] {processor.py:186} INFO - Started process (PID=9068) to work on /opt/airflow/dags/ecommerse_etl.py
[2024-12-29T00:44:58.205+0000] {processor.py:914} INFO - Processing file /opt/airflow/dags/ecommerse_etl.py for tasks to queue
[2024-12-29T00:44:58.210+0000] {logging_mixin.py:190} INFO - [2024-12-29T00:44:58.208+0000] {dagbag.py:588} INFO - Filling up the DagBag from /opt/airflow/dags/ecommerse_etl.py
[2024-12-29T00:44:58.243+0000] {processor.py:925} INFO - DAG(s) 'etl_sales_analysis_test' retrieved from /opt/airflow/dags/ecommerse_etl.py
[2024-12-29T00:44:58.287+0000] {logging_mixin.py:190} INFO - [2024-12-29T00:44:58.287+0000] {dag.py:3239} INFO - Sync 1 DAGs
[2024-12-29T00:44:58.346+0000] {logging_mixin.py:190} INFO - [2024-12-29T00:44:58.345+0000] {dag.py:4180} INFO - Setting next_dagrun for etl_sales_analysis_test to 2024-12-29 00:00:00+00:00, run_after=2024-12-30 00:00:00+00:00
[2024-12-29T00:44:58.390+0000] {processor.py:208} INFO - Processing /opt/airflow/dags/ecommerse_etl.py took 0.200 seconds
[2024-12-29T00:45:29.115+0000] {processor.py:186} INFO - Started process (PID=9132) to work on /opt/airflow/dags/ecommerse_etl.py
[2024-12-29T00:45:29.116+0000] {processor.py:914} INFO - Processing file /opt/airflow/dags/ecommerse_etl.py for tasks to queue
[2024-12-29T00:45:29.119+0000] {logging_mixin.py:190} INFO - [2024-12-29T00:45:29.118+0000] {dagbag.py:588} INFO - Filling up the DagBag from /opt/airflow/dags/ecommerse_etl.py
[2024-12-29T00:45:29.148+0000] {processor.py:925} INFO - DAG(s) 'etl_sales_analysis_test' retrieved from /opt/airflow/dags/ecommerse_etl.py
[2024-12-29T00:45:29.192+0000] {logging_mixin.py:190} INFO - [2024-12-29T00:45:29.192+0000] {dag.py:3239} INFO - Sync 1 DAGs
[2024-12-29T00:45:29.250+0000] {logging_mixin.py:190} INFO - [2024-12-29T00:45:29.250+0000] {dag.py:4180} INFO - Setting next_dagrun for etl_sales_analysis_test to 2024-12-29 00:00:00+00:00, run_after=2024-12-30 00:00:00+00:00
[2024-12-29T00:45:29.288+0000] {processor.py:208} INFO - Processing /opt/airflow/dags/ecommerse_etl.py took 0.184 seconds
[2024-12-29T00:45:59.452+0000] {processor.py:186} INFO - Started process (PID=9195) to work on /opt/airflow/dags/ecommerse_etl.py
[2024-12-29T00:45:59.456+0000] {processor.py:914} INFO - Processing file /opt/airflow/dags/ecommerse_etl.py for tasks to queue
[2024-12-29T00:45:59.462+0000] {logging_mixin.py:190} INFO - [2024-12-29T00:45:59.461+0000] {dagbag.py:588} INFO - Filling up the DagBag from /opt/airflow/dags/ecommerse_etl.py
[2024-12-29T00:45:59.496+0000] {processor.py:925} INFO - DAG(s) 'etl_sales_analysis_test' retrieved from /opt/airflow/dags/ecommerse_etl.py
[2024-12-29T00:45:59.897+0000] {logging_mixin.py:190} INFO - [2024-12-29T00:45:59.897+0000] {dag.py:3239} INFO - Sync 1 DAGs
[2024-12-29T00:45:59.970+0000] {logging_mixin.py:190} INFO - [2024-12-29T00:45:59.969+0000] {dag.py:4180} INFO - Setting next_dagrun for etl_sales_analysis_test to 2024-12-29 00:00:00+00:00, run_after=2024-12-30 00:00:00+00:00
[2024-12-29T00:46:00.026+0000] {processor.py:208} INFO - Processing /opt/airflow/dags/ecommerse_etl.py took 0.588 seconds
[2024-12-29T00:46:30.111+0000] {processor.py:186} INFO - Started process (PID=9259) to work on /opt/airflow/dags/ecommerse_etl.py
[2024-12-29T00:46:30.113+0000] {processor.py:914} INFO - Processing file /opt/airflow/dags/ecommerse_etl.py for tasks to queue
[2024-12-29T00:46:30.116+0000] {logging_mixin.py:190} INFO - [2024-12-29T00:46:30.115+0000] {dagbag.py:588} INFO - Filling up the DagBag from /opt/airflow/dags/ecommerse_etl.py
[2024-12-29T00:46:30.144+0000] {processor.py:925} INFO - DAG(s) 'etl_sales_analysis_test' retrieved from /opt/airflow/dags/ecommerse_etl.py
[2024-12-29T00:46:30.198+0000] {logging_mixin.py:190} INFO - [2024-12-29T00:46:30.197+0000] {dag.py:3239} INFO - Sync 1 DAGs
[2024-12-29T00:46:30.256+0000] {logging_mixin.py:190} INFO - [2024-12-29T00:46:30.256+0000] {dag.py:4180} INFO - Setting next_dagrun for etl_sales_analysis_test to 2024-12-29 00:00:00+00:00, run_after=2024-12-30 00:00:00+00:00
[2024-12-29T00:46:30.291+0000] {processor.py:208} INFO - Processing /opt/airflow/dags/ecommerse_etl.py took 0.193 seconds
[2024-12-29T00:47:00.419+0000] {processor.py:186} INFO - Started process (PID=9323) to work on /opt/airflow/dags/ecommerse_etl.py
[2024-12-29T00:47:00.421+0000] {processor.py:914} INFO - Processing file /opt/airflow/dags/ecommerse_etl.py for tasks to queue
[2024-12-29T00:47:00.424+0000] {logging_mixin.py:190} INFO - [2024-12-29T00:47:00.423+0000] {dagbag.py:588} INFO - Filling up the DagBag from /opt/airflow/dags/ecommerse_etl.py
[2024-12-29T00:47:00.450+0000] {processor.py:925} INFO - DAG(s) 'etl_sales_analysis_test' retrieved from /opt/airflow/dags/ecommerse_etl.py
[2024-12-29T00:47:00.492+0000] {logging_mixin.py:190} INFO - [2024-12-29T00:47:00.492+0000] {dag.py:3239} INFO - Sync 1 DAGs
[2024-12-29T00:47:00.550+0000] {logging_mixin.py:190} INFO - [2024-12-29T00:47:00.549+0000] {dag.py:4180} INFO - Setting next_dagrun for etl_sales_analysis_test to 2024-12-29 00:00:00+00:00, run_after=2024-12-30 00:00:00+00:00
[2024-12-29T00:47:00.585+0000] {processor.py:208} INFO - Processing /opt/airflow/dags/ecommerse_etl.py took 0.180 seconds
[2024-12-29T00:47:30.769+0000] {processor.py:186} INFO - Started process (PID=9387) to work on /opt/airflow/dags/ecommerse_etl.py
[2024-12-29T00:47:30.771+0000] {processor.py:914} INFO - Processing file /opt/airflow/dags/ecommerse_etl.py for tasks to queue
[2024-12-29T00:47:30.774+0000] {logging_mixin.py:190} INFO - [2024-12-29T00:47:30.773+0000] {dagbag.py:588} INFO - Filling up the DagBag from /opt/airflow/dags/ecommerse_etl.py
[2024-12-29T00:47:30.804+0000] {processor.py:925} INFO - DAG(s) 'etl_sales_analysis_test' retrieved from /opt/airflow/dags/ecommerse_etl.py
[2024-12-29T00:47:30.847+0000] {logging_mixin.py:190} INFO - [2024-12-29T00:47:30.847+0000] {dag.py:3239} INFO - Sync 1 DAGs
[2024-12-29T00:47:30.898+0000] {logging_mixin.py:190} INFO - [2024-12-29T00:47:30.898+0000] {dag.py:4180} INFO - Setting next_dagrun for etl_sales_analysis_test to 2024-12-29 00:00:00+00:00, run_after=2024-12-30 00:00:00+00:00
[2024-12-29T00:47:30.933+0000] {processor.py:208} INFO - Processing /opt/airflow/dags/ecommerse_etl.py took 0.177 seconds
[2024-12-29T00:48:01.785+0000] {processor.py:186} INFO - Started process (PID=9451) to work on /opt/airflow/dags/ecommerse_etl.py
[2024-12-29T00:48:01.787+0000] {processor.py:914} INFO - Processing file /opt/airflow/dags/ecommerse_etl.py for tasks to queue
[2024-12-29T00:48:01.789+0000] {logging_mixin.py:190} INFO - [2024-12-29T00:48:01.788+0000] {dagbag.py:588} INFO - Filling up the DagBag from /opt/airflow/dags/ecommerse_etl.py
[2024-12-29T00:48:01.811+0000] {processor.py:925} INFO - DAG(s) 'etl_sales_analysis_test' retrieved from /opt/airflow/dags/ecommerse_etl.py
[2024-12-29T00:48:01.849+0000] {logging_mixin.py:190} INFO - [2024-12-29T00:48:01.849+0000] {dag.py:3239} INFO - Sync 1 DAGs
[2024-12-29T00:48:01.898+0000] {logging_mixin.py:190} INFO - [2024-12-29T00:48:01.898+0000] {dag.py:4180} INFO - Setting next_dagrun for etl_sales_analysis_test to 2024-12-29 00:00:00+00:00, run_after=2024-12-30 00:00:00+00:00
[2024-12-29T00:48:01.927+0000] {processor.py:208} INFO - Processing /opt/airflow/dags/ecommerse_etl.py took 0.154 seconds
[2024-12-29T00:48:32.749+0000] {processor.py:186} INFO - Started process (PID=9514) to work on /opt/airflow/dags/ecommerse_etl.py
[2024-12-29T00:48:32.751+0000] {processor.py:914} INFO - Processing file /opt/airflow/dags/ecommerse_etl.py for tasks to queue
[2024-12-29T00:48:32.757+0000] {logging_mixin.py:190} INFO - [2024-12-29T00:48:32.756+0000] {dagbag.py:588} INFO - Filling up the DagBag from /opt/airflow/dags/ecommerse_etl.py
[2024-12-29T00:48:32.787+0000] {processor.py:925} INFO - DAG(s) 'etl_sales_analysis_test' retrieved from /opt/airflow/dags/ecommerse_etl.py
[2024-12-29T00:48:32.833+0000] {logging_mixin.py:190} INFO - [2024-12-29T00:48:32.833+0000] {dag.py:3239} INFO - Sync 1 DAGs
[2024-12-29T00:48:32.917+0000] {logging_mixin.py:190} INFO - [2024-12-29T00:48:32.916+0000] {dag.py:4180} INFO - Setting next_dagrun for etl_sales_analysis_test to 2024-12-29 00:00:00+00:00, run_after=2024-12-30 00:00:00+00:00
[2024-12-29T00:48:32.956+0000] {processor.py:208} INFO - Processing /opt/airflow/dags/ecommerse_etl.py took 0.225 seconds
[2024-12-29T00:49:03.524+0000] {processor.py:186} INFO - Started process (PID=9579) to work on /opt/airflow/dags/ecommerse_etl.py
[2024-12-29T00:49:03.528+0000] {processor.py:914} INFO - Processing file /opt/airflow/dags/ecommerse_etl.py for tasks to queue
[2024-12-29T00:49:03.532+0000] {logging_mixin.py:190} INFO - [2024-12-29T00:49:03.531+0000] {dagbag.py:588} INFO - Filling up the DagBag from /opt/airflow/dags/ecommerse_etl.py
[2024-12-29T00:49:03.590+0000] {processor.py:925} INFO - DAG(s) 'etl_sales_analysis_test' retrieved from /opt/airflow/dags/ecommerse_etl.py
[2024-12-29T00:49:03.660+0000] {logging_mixin.py:190} INFO - [2024-12-29T00:49:03.659+0000] {dag.py:3239} INFO - Sync 1 DAGs
[2024-12-29T00:49:03.738+0000] {logging_mixin.py:190} INFO - [2024-12-29T00:49:03.738+0000] {dag.py:4180} INFO - Setting next_dagrun for etl_sales_analysis_test to 2024-12-29 00:00:00+00:00, run_after=2024-12-30 00:00:00+00:00
[2024-12-29T00:49:03.778+0000] {processor.py:208} INFO - Processing /opt/airflow/dags/ecommerse_etl.py took 0.281 seconds
[2024-12-29T00:49:34.312+0000] {processor.py:186} INFO - Started process (PID=9643) to work on /opt/airflow/dags/ecommerse_etl.py
[2024-12-29T00:49:34.314+0000] {processor.py:914} INFO - Processing file /opt/airflow/dags/ecommerse_etl.py for tasks to queue
[2024-12-29T00:49:34.317+0000] {logging_mixin.py:190} INFO - [2024-12-29T00:49:34.317+0000] {dagbag.py:588} INFO - Filling up the DagBag from /opt/airflow/dags/ecommerse_etl.py
[2024-12-29T00:49:34.349+0000] {processor.py:925} INFO - DAG(s) 'etl_sales_analysis_test' retrieved from /opt/airflow/dags/ecommerse_etl.py
[2024-12-29T00:49:34.400+0000] {logging_mixin.py:190} INFO - [2024-12-29T00:49:34.399+0000] {dag.py:3239} INFO - Sync 1 DAGs
[2024-12-29T00:49:34.587+0000] {logging_mixin.py:190} INFO - [2024-12-29T00:49:34.586+0000] {dag.py:4180} INFO - Setting next_dagrun for etl_sales_analysis_test to 2024-12-29 00:00:00+00:00, run_after=2024-12-30 00:00:00+00:00
[2024-12-29T00:49:34.632+0000] {processor.py:208} INFO - Processing /opt/airflow/dags/ecommerse_etl.py took 0.344 seconds
[2024-12-29T00:50:04.818+0000] {processor.py:186} INFO - Started process (PID=9707) to work on /opt/airflow/dags/ecommerse_etl.py
[2024-12-29T00:50:04.824+0000] {processor.py:914} INFO - Processing file /opt/airflow/dags/ecommerse_etl.py for tasks to queue
[2024-12-29T00:50:04.829+0000] {logging_mixin.py:190} INFO - [2024-12-29T00:50:04.828+0000] {dagbag.py:588} INFO - Filling up the DagBag from /opt/airflow/dags/ecommerse_etl.py
[2024-12-29T00:50:04.863+0000] {processor.py:925} INFO - DAG(s) 'etl_sales_analysis_test' retrieved from /opt/airflow/dags/ecommerse_etl.py
[2024-12-29T00:50:04.935+0000] {logging_mixin.py:190} INFO - [2024-12-29T00:50:04.934+0000] {dag.py:3239} INFO - Sync 1 DAGs
[2024-12-29T00:50:05.033+0000] {logging_mixin.py:190} INFO - [2024-12-29T00:50:05.032+0000] {dag.py:4180} INFO - Setting next_dagrun for etl_sales_analysis_test to 2024-12-29 00:00:00+00:00, run_after=2024-12-30 00:00:00+00:00
[2024-12-29T00:50:05.094+0000] {processor.py:208} INFO - Processing /opt/airflow/dags/ecommerse_etl.py took 0.293 seconds
[2024-12-29T00:50:35.568+0000] {processor.py:186} INFO - Started process (PID=9770) to work on /opt/airflow/dags/ecommerse_etl.py
[2024-12-29T00:50:35.570+0000] {processor.py:914} INFO - Processing file /opt/airflow/dags/ecommerse_etl.py for tasks to queue
[2024-12-29T00:50:35.572+0000] {logging_mixin.py:190} INFO - [2024-12-29T00:50:35.572+0000] {dagbag.py:588} INFO - Filling up the DagBag from /opt/airflow/dags/ecommerse_etl.py
[2024-12-29T00:50:35.605+0000] {processor.py:925} INFO - DAG(s) 'etl_sales_analysis_test' retrieved from /opt/airflow/dags/ecommerse_etl.py
[2024-12-29T00:50:35.647+0000] {logging_mixin.py:190} INFO - [2024-12-29T00:50:35.647+0000] {dag.py:3239} INFO - Sync 1 DAGs
[2024-12-29T00:50:35.704+0000] {logging_mixin.py:190} INFO - [2024-12-29T00:50:35.704+0000] {dag.py:4180} INFO - Setting next_dagrun for etl_sales_analysis_test to 2024-12-29 00:00:00+00:00, run_after=2024-12-30 00:00:00+00:00
[2024-12-29T00:50:35.739+0000] {processor.py:208} INFO - Processing /opt/airflow/dags/ecommerse_etl.py took 0.183 seconds
[2024-12-29T00:51:05.938+0000] {processor.py:186} INFO - Started process (PID=9834) to work on /opt/airflow/dags/ecommerse_etl.py
[2024-12-29T00:51:05.940+0000] {processor.py:914} INFO - Processing file /opt/airflow/dags/ecommerse_etl.py for tasks to queue
[2024-12-29T00:51:05.943+0000] {logging_mixin.py:190} INFO - [2024-12-29T00:51:05.942+0000] {dagbag.py:588} INFO - Filling up the DagBag from /opt/airflow/dags/ecommerse_etl.py
[2024-12-29T00:51:05.967+0000] {processor.py:925} INFO - DAG(s) 'etl_sales_analysis_test' retrieved from /opt/airflow/dags/ecommerse_etl.py
[2024-12-29T00:51:06.004+0000] {logging_mixin.py:190} INFO - [2024-12-29T00:51:06.003+0000] {dag.py:3239} INFO - Sync 1 DAGs
[2024-12-29T00:51:06.051+0000] {logging_mixin.py:190} INFO - [2024-12-29T00:51:06.051+0000] {dag.py:4180} INFO - Setting next_dagrun for etl_sales_analysis_test to 2024-12-29 00:00:00+00:00, run_after=2024-12-30 00:00:00+00:00
[2024-12-29T00:51:06.080+0000] {processor.py:208} INFO - Processing /opt/airflow/dags/ecommerse_etl.py took 0.152 seconds
[2024-12-29T00:51:36.469+0000] {processor.py:186} INFO - Started process (PID=9898) to work on /opt/airflow/dags/ecommerse_etl.py
[2024-12-29T00:51:36.473+0000] {processor.py:914} INFO - Processing file /opt/airflow/dags/ecommerse_etl.py for tasks to queue
[2024-12-29T00:51:36.484+0000] {logging_mixin.py:190} INFO - [2024-12-29T00:51:36.482+0000] {dagbag.py:588} INFO - Filling up the DagBag from /opt/airflow/dags/ecommerse_etl.py
[2024-12-29T00:51:36.528+0000] {processor.py:925} INFO - DAG(s) 'etl_sales_analysis_test' retrieved from /opt/airflow/dags/ecommerse_etl.py
[2024-12-29T00:51:36.579+0000] {logging_mixin.py:190} INFO - [2024-12-29T00:51:36.578+0000] {dag.py:3239} INFO - Sync 1 DAGs
[2024-12-29T00:51:36.635+0000] {logging_mixin.py:190} INFO - [2024-12-29T00:51:36.635+0000] {dag.py:4180} INFO - Setting next_dagrun for etl_sales_analysis_test to 2024-12-29 00:00:00+00:00, run_after=2024-12-30 00:00:00+00:00
[2024-12-29T00:51:36.667+0000] {processor.py:208} INFO - Processing /opt/airflow/dags/ecommerse_etl.py took 0.223 seconds
[2024-12-29T00:52:07.403+0000] {processor.py:186} INFO - Started process (PID=9962) to work on /opt/airflow/dags/ecommerse_etl.py
[2024-12-29T00:52:07.405+0000] {processor.py:914} INFO - Processing file /opt/airflow/dags/ecommerse_etl.py for tasks to queue
[2024-12-29T00:52:07.407+0000] {logging_mixin.py:190} INFO - [2024-12-29T00:52:07.407+0000] {dagbag.py:588} INFO - Filling up the DagBag from /opt/airflow/dags/ecommerse_etl.py
[2024-12-29T00:52:07.429+0000] {processor.py:925} INFO - DAG(s) 'etl_sales_analysis_test' retrieved from /opt/airflow/dags/ecommerse_etl.py
[2024-12-29T00:52:07.465+0000] {logging_mixin.py:190} INFO - [2024-12-29T00:52:07.465+0000] {dag.py:3239} INFO - Sync 1 DAGs
[2024-12-29T00:52:07.505+0000] {logging_mixin.py:190} INFO - [2024-12-29T00:52:07.505+0000] {dag.py:4180} INFO - Setting next_dagrun for etl_sales_analysis_test to 2024-12-29 00:00:00+00:00, run_after=2024-12-30 00:00:00+00:00
[2024-12-29T00:52:07.531+0000] {processor.py:208} INFO - Processing /opt/airflow/dags/ecommerse_etl.py took 0.137 seconds
[2024-12-29T00:52:38.233+0000] {processor.py:186} INFO - Started process (PID=10026) to work on /opt/airflow/dags/ecommerse_etl.py
[2024-12-29T00:52:38.235+0000] {processor.py:914} INFO - Processing file /opt/airflow/dags/ecommerse_etl.py for tasks to queue
[2024-12-29T00:52:38.237+0000] {logging_mixin.py:190} INFO - [2024-12-29T00:52:38.236+0000] {dagbag.py:588} INFO - Filling up the DagBag from /opt/airflow/dags/ecommerse_etl.py
[2024-12-29T00:52:38.258+0000] {processor.py:925} INFO - DAG(s) 'etl_sales_analysis_test' retrieved from /opt/airflow/dags/ecommerse_etl.py
[2024-12-29T00:52:38.294+0000] {logging_mixin.py:190} INFO - [2024-12-29T00:52:38.293+0000] {dag.py:3239} INFO - Sync 1 DAGs
[2024-12-29T00:52:38.338+0000] {logging_mixin.py:190} INFO - [2024-12-29T00:52:38.338+0000] {dag.py:4180} INFO - Setting next_dagrun for etl_sales_analysis_test to 2024-12-29 00:00:00+00:00, run_after=2024-12-30 00:00:00+00:00
[2024-12-29T00:52:38.364+0000] {processor.py:208} INFO - Processing /opt/airflow/dags/ecommerse_etl.py took 0.141 seconds
[2024-12-29T00:53:08.689+0000] {processor.py:186} INFO - Started process (PID=10090) to work on /opt/airflow/dags/ecommerse_etl.py
[2024-12-29T00:53:08.691+0000] {processor.py:914} INFO - Processing file /opt/airflow/dags/ecommerse_etl.py for tasks to queue
[2024-12-29T00:53:08.693+0000] {logging_mixin.py:190} INFO - [2024-12-29T00:53:08.693+0000] {dagbag.py:588} INFO - Filling up the DagBag from /opt/airflow/dags/ecommerse_etl.py
[2024-12-29T00:53:08.717+0000] {processor.py:925} INFO - DAG(s) 'etl_sales_analysis_test' retrieved from /opt/airflow/dags/ecommerse_etl.py
[2024-12-29T00:53:08.754+0000] {logging_mixin.py:190} INFO - [2024-12-29T00:53:08.753+0000] {dag.py:3239} INFO - Sync 1 DAGs
[2024-12-29T00:53:08.800+0000] {logging_mixin.py:190} INFO - [2024-12-29T00:53:08.799+0000] {dag.py:4180} INFO - Setting next_dagrun for etl_sales_analysis_test to 2024-12-29 00:00:00+00:00, run_after=2024-12-30 00:00:00+00:00
[2024-12-29T00:53:08.828+0000] {processor.py:208} INFO - Processing /opt/airflow/dags/ecommerse_etl.py took 0.151 seconds
[2024-12-29T00:53:38.917+0000] {processor.py:186} INFO - Started process (PID=10153) to work on /opt/airflow/dags/ecommerse_etl.py
[2024-12-29T00:53:38.919+0000] {processor.py:914} INFO - Processing file /opt/airflow/dags/ecommerse_etl.py for tasks to queue
[2024-12-29T00:53:38.922+0000] {logging_mixin.py:190} INFO - [2024-12-29T00:53:38.921+0000] {dagbag.py:588} INFO - Filling up the DagBag from /opt/airflow/dags/ecommerse_etl.py
[2024-12-29T00:53:38.947+0000] {processor.py:925} INFO - DAG(s) 'etl_sales_analysis_test' retrieved from /opt/airflow/dags/ecommerse_etl.py
[2024-12-29T00:53:38.997+0000] {logging_mixin.py:190} INFO - [2024-12-29T00:53:38.997+0000] {dag.py:3239} INFO - Sync 1 DAGs
[2024-12-29T00:53:39.053+0000] {logging_mixin.py:190} INFO - [2024-12-29T00:53:39.052+0000] {dag.py:4180} INFO - Setting next_dagrun for etl_sales_analysis_test to 2024-12-29 00:00:00+00:00, run_after=2024-12-30 00:00:00+00:00
[2024-12-29T00:53:39.096+0000] {processor.py:208} INFO - Processing /opt/airflow/dags/ecommerse_etl.py took 0.192 seconds
[2024-12-29T00:54:09.243+0000] {processor.py:186} INFO - Started process (PID=10213) to work on /opt/airflow/dags/ecommerse_etl.py
[2024-12-29T00:54:09.245+0000] {processor.py:914} INFO - Processing file /opt/airflow/dags/ecommerse_etl.py for tasks to queue
[2024-12-29T00:54:09.247+0000] {logging_mixin.py:190} INFO - [2024-12-29T00:54:09.247+0000] {dagbag.py:588} INFO - Filling up the DagBag from /opt/airflow/dags/ecommerse_etl.py
[2024-12-29T00:54:09.276+0000] {processor.py:925} INFO - DAG(s) 'etl_sales_analysis_test' retrieved from /opt/airflow/dags/ecommerse_etl.py
[2024-12-29T00:54:09.324+0000] {logging_mixin.py:190} INFO - [2024-12-29T00:54:09.323+0000] {dag.py:3239} INFO - Sync 1 DAGs
[2024-12-29T00:54:09.384+0000] {logging_mixin.py:190} INFO - [2024-12-29T00:54:09.384+0000] {dag.py:4180} INFO - Setting next_dagrun for etl_sales_analysis_test to 2024-12-29 00:00:00+00:00, run_after=2024-12-30 00:00:00+00:00
[2024-12-29T00:54:09.417+0000] {processor.py:208} INFO - Processing /opt/airflow/dags/ecommerse_etl.py took 0.190 seconds
[2024-12-29T00:54:40.264+0000] {processor.py:186} INFO - Started process (PID=10275) to work on /opt/airflow/dags/ecommerse_etl.py
[2024-12-29T00:54:40.266+0000] {processor.py:914} INFO - Processing file /opt/airflow/dags/ecommerse_etl.py for tasks to queue
[2024-12-29T00:54:40.270+0000] {logging_mixin.py:190} INFO - [2024-12-29T00:54:40.269+0000] {dagbag.py:588} INFO - Filling up the DagBag from /opt/airflow/dags/ecommerse_etl.py
[2024-12-29T00:54:40.299+0000] {processor.py:925} INFO - DAG(s) 'etl_sales_analysis_test' retrieved from /opt/airflow/dags/ecommerse_etl.py
[2024-12-29T00:54:40.341+0000] {logging_mixin.py:190} INFO - [2024-12-29T00:54:40.340+0000] {dag.py:3239} INFO - Sync 1 DAGs
[2024-12-29T00:54:40.397+0000] {logging_mixin.py:190} INFO - [2024-12-29T00:54:40.397+0000] {dag.py:4180} INFO - Setting next_dagrun for etl_sales_analysis_test to 2024-12-29 00:00:00+00:00, run_after=2024-12-30 00:00:00+00:00
[2024-12-29T00:54:40.435+0000] {processor.py:208} INFO - Processing /opt/airflow/dags/ecommerse_etl.py took 0.184 seconds
[2024-12-29T00:55:10.814+0000] {processor.py:186} INFO - Started process (PID=10330) to work on /opt/airflow/dags/ecommerse_etl.py
[2024-12-29T00:55:10.816+0000] {processor.py:914} INFO - Processing file /opt/airflow/dags/ecommerse_etl.py for tasks to queue
[2024-12-29T00:55:10.820+0000] {logging_mixin.py:190} INFO - [2024-12-29T00:55:10.819+0000] {dagbag.py:588} INFO - Filling up the DagBag from /opt/airflow/dags/ecommerse_etl.py
[2024-12-29T00:55:10.848+0000] {processor.py:925} INFO - DAG(s) 'etl_sales_analysis_test' retrieved from /opt/airflow/dags/ecommerse_etl.py
[2024-12-29T00:55:10.888+0000] {logging_mixin.py:190} INFO - [2024-12-29T00:55:10.888+0000] {dag.py:3239} INFO - Sync 1 DAGs
[2024-12-29T00:55:10.937+0000] {logging_mixin.py:190} INFO - [2024-12-29T00:55:10.936+0000] {dag.py:4180} INFO - Setting next_dagrun for etl_sales_analysis_test to 2024-12-29 00:00:00+00:00, run_after=2024-12-30 00:00:00+00:00
[2024-12-29T00:55:10.968+0000] {processor.py:208} INFO - Processing /opt/airflow/dags/ecommerse_etl.py took 0.166 seconds
[2024-12-29T00:55:42.204+0000] {processor.py:186} INFO - Started process (PID=10393) to work on /opt/airflow/dags/ecommerse_etl.py
[2024-12-29T00:55:42.206+0000] {processor.py:914} INFO - Processing file /opt/airflow/dags/ecommerse_etl.py for tasks to queue
[2024-12-29T00:55:42.210+0000] {logging_mixin.py:190} INFO - [2024-12-29T00:55:42.209+0000] {dagbag.py:588} INFO - Filling up the DagBag from /opt/airflow/dags/ecommerse_etl.py
[2024-12-29T00:55:42.242+0000] {processor.py:925} INFO - DAG(s) 'etl_sales_analysis_test' retrieved from /opt/airflow/dags/ecommerse_etl.py
[2024-12-29T00:55:42.296+0000] {logging_mixin.py:190} INFO - [2024-12-29T00:55:42.295+0000] {dag.py:3239} INFO - Sync 1 DAGs
[2024-12-29T00:55:42.383+0000] {logging_mixin.py:190} INFO - [2024-12-29T00:55:42.382+0000] {dag.py:4180} INFO - Setting next_dagrun for etl_sales_analysis_test to 2024-12-29 00:00:00+00:00, run_after=2024-12-30 00:00:00+00:00
[2024-12-29T00:55:42.428+0000] {processor.py:208} INFO - Processing /opt/airflow/dags/ecommerse_etl.py took 0.237 seconds
[2024-12-29T00:56:14.038+0000] {processor.py:186} INFO - Started process (PID=10457) to work on /opt/airflow/dags/ecommerse_etl.py
[2024-12-29T00:56:14.040+0000] {processor.py:914} INFO - Processing file /opt/airflow/dags/ecommerse_etl.py for tasks to queue
[2024-12-29T00:56:14.042+0000] {logging_mixin.py:190} INFO - [2024-12-29T00:56:14.042+0000] {dagbag.py:588} INFO - Filling up the DagBag from /opt/airflow/dags/ecommerse_etl.py
[2024-12-29T00:56:14.076+0000] {processor.py:925} INFO - DAG(s) 'etl_sales_analysis_test' retrieved from /opt/airflow/dags/ecommerse_etl.py
[2024-12-29T00:56:14.125+0000] {logging_mixin.py:190} INFO - [2024-12-29T00:56:14.124+0000] {dag.py:3239} INFO - Sync 1 DAGs
[2024-12-29T00:56:14.228+0000] {logging_mixin.py:190} INFO - [2024-12-29T00:56:14.227+0000] {dag.py:4180} INFO - Setting next_dagrun for etl_sales_analysis_test to 2024-12-29 00:00:00+00:00, run_after=2024-12-30 00:00:00+00:00
[2024-12-29T00:56:14.284+0000] {processor.py:208} INFO - Processing /opt/airflow/dags/ecommerse_etl.py took 0.258 seconds
[2024-12-29T00:56:45.888+0000] {processor.py:186} INFO - Started process (PID=10521) to work on /opt/airflow/dags/ecommerse_etl.py
[2024-12-29T00:56:45.889+0000] {processor.py:914} INFO - Processing file /opt/airflow/dags/ecommerse_etl.py for tasks to queue
[2024-12-29T00:56:45.892+0000] {logging_mixin.py:190} INFO - [2024-12-29T00:56:45.892+0000] {dagbag.py:588} INFO - Filling up the DagBag from /opt/airflow/dags/ecommerse_etl.py
[2024-12-29T00:56:45.917+0000] {processor.py:925} INFO - DAG(s) 'etl_sales_analysis_test' retrieved from /opt/airflow/dags/ecommerse_etl.py
[2024-12-29T00:56:45.966+0000] {logging_mixin.py:190} INFO - [2024-12-29T00:56:45.966+0000] {dag.py:3239} INFO - Sync 1 DAGs
[2024-12-29T00:56:46.042+0000] {logging_mixin.py:190} INFO - [2024-12-29T00:56:46.042+0000] {dag.py:4180} INFO - Setting next_dagrun for etl_sales_analysis_test to 2024-12-29 00:00:00+00:00, run_after=2024-12-30 00:00:00+00:00
[2024-12-29T00:56:46.078+0000] {processor.py:208} INFO - Processing /opt/airflow/dags/ecommerse_etl.py took 0.203 seconds
[2024-12-29T00:57:17.357+0000] {processor.py:186} INFO - Started process (PID=10584) to work on /opt/airflow/dags/ecommerse_etl.py
[2024-12-29T00:57:17.359+0000] {processor.py:914} INFO - Processing file /opt/airflow/dags/ecommerse_etl.py for tasks to queue
[2024-12-29T00:57:17.362+0000] {logging_mixin.py:190} INFO - [2024-12-29T00:57:17.361+0000] {dagbag.py:588} INFO - Filling up the DagBag from /opt/airflow/dags/ecommerse_etl.py
[2024-12-29T00:57:17.394+0000] {processor.py:925} INFO - DAG(s) 'etl_sales_analysis_test' retrieved from /opt/airflow/dags/ecommerse_etl.py
[2024-12-29T00:57:17.447+0000] {logging_mixin.py:190} INFO - [2024-12-29T00:57:17.447+0000] {dag.py:3239} INFO - Sync 1 DAGs
[2024-12-29T00:57:17.508+0000] {logging_mixin.py:190} INFO - [2024-12-29T00:57:17.507+0000] {dag.py:4180} INFO - Setting next_dagrun for etl_sales_analysis_test to 2024-12-29 00:00:00+00:00, run_after=2024-12-30 00:00:00+00:00
[2024-12-29T00:57:17.547+0000] {processor.py:208} INFO - Processing /opt/airflow/dags/ecommerse_etl.py took 0.205 seconds
[2024-12-29T00:57:48.216+0000] {processor.py:186} INFO - Started process (PID=10647) to work on /opt/airflow/dags/ecommerse_etl.py
[2024-12-29T00:57:48.219+0000] {processor.py:914} INFO - Processing file /opt/airflow/dags/ecommerse_etl.py for tasks to queue
[2024-12-29T00:57:48.222+0000] {logging_mixin.py:190} INFO - [2024-12-29T00:57:48.222+0000] {dagbag.py:588} INFO - Filling up the DagBag from /opt/airflow/dags/ecommerse_etl.py
[2024-12-29T00:57:48.250+0000] {processor.py:925} INFO - DAG(s) 'etl_sales_analysis_test' retrieved from /opt/airflow/dags/ecommerse_etl.py
[2024-12-29T00:57:48.294+0000] {logging_mixin.py:190} INFO - [2024-12-29T00:57:48.294+0000] {dag.py:3239} INFO - Sync 1 DAGs
[2024-12-29T00:57:48.353+0000] {logging_mixin.py:190} INFO - [2024-12-29T00:57:48.352+0000] {dag.py:4180} INFO - Setting next_dagrun for etl_sales_analysis_test to 2024-12-29 00:00:00+00:00, run_after=2024-12-30 00:00:00+00:00
[2024-12-29T00:57:48.388+0000] {processor.py:208} INFO - Processing /opt/airflow/dags/ecommerse_etl.py took 0.185 seconds
[2024-12-29T00:58:18.576+0000] {processor.py:186} INFO - Started process (PID=10709) to work on /opt/airflow/dags/ecommerse_etl.py
[2024-12-29T00:58:18.578+0000] {processor.py:914} INFO - Processing file /opt/airflow/dags/ecommerse_etl.py for tasks to queue
[2024-12-29T00:58:18.581+0000] {logging_mixin.py:190} INFO - [2024-12-29T00:58:18.580+0000] {dagbag.py:588} INFO - Filling up the DagBag from /opt/airflow/dags/ecommerse_etl.py
[2024-12-29T00:58:18.621+0000] {processor.py:925} INFO - DAG(s) 'etl_sales_analysis_test' retrieved from /opt/airflow/dags/ecommerse_etl.py
[2024-12-29T00:58:18.669+0000] {logging_mixin.py:190} INFO - [2024-12-29T00:58:18.669+0000] {dag.py:3239} INFO - Sync 1 DAGs
[2024-12-29T00:58:18.729+0000] {logging_mixin.py:190} INFO - [2024-12-29T00:58:18.729+0000] {dag.py:4180} INFO - Setting next_dagrun for etl_sales_analysis_test to 2024-12-29 00:00:00+00:00, run_after=2024-12-30 00:00:00+00:00
[2024-12-29T00:58:18.764+0000] {processor.py:208} INFO - Processing /opt/airflow/dags/ecommerse_etl.py took 0.200 seconds
[2024-12-29T00:58:49.061+0000] {processor.py:186} INFO - Started process (PID=10773) to work on /opt/airflow/dags/ecommerse_etl.py
[2024-12-29T00:58:49.063+0000] {processor.py:914} INFO - Processing file /opt/airflow/dags/ecommerse_etl.py for tasks to queue
[2024-12-29T00:58:49.065+0000] {logging_mixin.py:190} INFO - [2024-12-29T00:58:49.065+0000] {dagbag.py:588} INFO - Filling up the DagBag from /opt/airflow/dags/ecommerse_etl.py
[2024-12-29T00:58:49.094+0000] {processor.py:925} INFO - DAG(s) 'etl_sales_analysis_test' retrieved from /opt/airflow/dags/ecommerse_etl.py
[2024-12-29T00:58:49.138+0000] {logging_mixin.py:190} INFO - [2024-12-29T00:58:49.138+0000] {dag.py:3239} INFO - Sync 1 DAGs
[2024-12-29T00:58:49.191+0000] {logging_mixin.py:190} INFO - [2024-12-29T00:58:49.191+0000] {dag.py:4180} INFO - Setting next_dagrun for etl_sales_analysis_test to 2024-12-29 00:00:00+00:00, run_after=2024-12-30 00:00:00+00:00
[2024-12-29T00:58:49.222+0000] {processor.py:208} INFO - Processing /opt/airflow/dags/ecommerse_etl.py took 0.173 seconds
[2024-12-29T00:59:19.361+0000] {processor.py:186} INFO - Started process (PID=10837) to work on /opt/airflow/dags/ecommerse_etl.py
[2024-12-29T00:59:19.364+0000] {processor.py:914} INFO - Processing file /opt/airflow/dags/ecommerse_etl.py for tasks to queue
[2024-12-29T00:59:19.371+0000] {logging_mixin.py:190} INFO - [2024-12-29T00:59:19.369+0000] {dagbag.py:588} INFO - Filling up the DagBag from /opt/airflow/dags/ecommerse_etl.py
[2024-12-29T00:59:19.418+0000] {processor.py:925} INFO - DAG(s) 'etl_sales_analysis_test' retrieved from /opt/airflow/dags/ecommerse_etl.py
[2024-12-29T00:59:19.491+0000] {logging_mixin.py:190} INFO - [2024-12-29T00:59:19.490+0000] {dag.py:3239} INFO - Sync 1 DAGs
[2024-12-29T00:59:19.588+0000] {logging_mixin.py:190} INFO - [2024-12-29T00:59:19.587+0000] {dag.py:4180} INFO - Setting next_dagrun for etl_sales_analysis_test to 2024-12-29 00:00:00+00:00, run_after=2024-12-30 00:00:00+00:00
[2024-12-29T00:59:19.649+0000] {processor.py:208} INFO - Processing /opt/airflow/dags/ecommerse_etl.py took 0.312 seconds
[2024-12-29T00:59:49.802+0000] {processor.py:186} INFO - Started process (PID=10901) to work on /opt/airflow/dags/ecommerse_etl.py
[2024-12-29T00:59:49.804+0000] {processor.py:914} INFO - Processing file /opt/airflow/dags/ecommerse_etl.py for tasks to queue
[2024-12-29T00:59:49.807+0000] {logging_mixin.py:190} INFO - [2024-12-29T00:59:49.806+0000] {dagbag.py:588} INFO - Filling up the DagBag from /opt/airflow/dags/ecommerse_etl.py
[2024-12-29T00:59:49.835+0000] {processor.py:925} INFO - DAG(s) 'etl_sales_analysis_test' retrieved from /opt/airflow/dags/ecommerse_etl.py
[2024-12-29T00:59:49.882+0000] {logging_mixin.py:190} INFO - [2024-12-29T00:59:49.882+0000] {dag.py:3239} INFO - Sync 1 DAGs
[2024-12-29T00:59:49.940+0000] {logging_mixin.py:190} INFO - [2024-12-29T00:59:49.939+0000] {dag.py:4180} INFO - Setting next_dagrun for etl_sales_analysis_test to 2024-12-29 00:00:00+00:00, run_after=2024-12-30 00:00:00+00:00
[2024-12-29T00:59:49.980+0000] {processor.py:208} INFO - Processing /opt/airflow/dags/ecommerse_etl.py took 0.191 seconds
[2024-12-29T01:00:20.387+0000] {processor.py:186} INFO - Started process (PID=10965) to work on /opt/airflow/dags/ecommerse_etl.py
[2024-12-29T01:00:20.388+0000] {processor.py:914} INFO - Processing file /opt/airflow/dags/ecommerse_etl.py for tasks to queue
[2024-12-29T01:00:20.391+0000] {logging_mixin.py:190} INFO - [2024-12-29T01:00:20.390+0000] {dagbag.py:588} INFO - Filling up the DagBag from /opt/airflow/dags/ecommerse_etl.py
[2024-12-29T01:00:20.416+0000] {processor.py:925} INFO - DAG(s) 'etl_sales_analysis_test' retrieved from /opt/airflow/dags/ecommerse_etl.py
[2024-12-29T01:00:20.457+0000] {logging_mixin.py:190} INFO - [2024-12-29T01:00:20.457+0000] {dag.py:3239} INFO - Sync 1 DAGs
[2024-12-29T01:00:20.507+0000] {logging_mixin.py:190} INFO - [2024-12-29T01:00:20.507+0000] {dag.py:4180} INFO - Setting next_dagrun for etl_sales_analysis_test to 2024-12-29 00:00:00+00:00, run_after=2024-12-30 00:00:00+00:00
[2024-12-29T01:00:20.539+0000] {processor.py:208} INFO - Processing /opt/airflow/dags/ecommerse_etl.py took 0.164 seconds
[2024-12-29T01:00:50.603+0000] {processor.py:186} INFO - Started process (PID=11029) to work on /opt/airflow/dags/ecommerse_etl.py
[2024-12-29T01:00:50.605+0000] {processor.py:914} INFO - Processing file /opt/airflow/dags/ecommerse_etl.py for tasks to queue
[2024-12-29T01:00:50.610+0000] {logging_mixin.py:190} INFO - [2024-12-29T01:00:50.609+0000] {dagbag.py:588} INFO - Filling up the DagBag from /opt/airflow/dags/ecommerse_etl.py
[2024-12-29T01:00:50.641+0000] {processor.py:925} INFO - DAG(s) 'etl_sales_analysis_test' retrieved from /opt/airflow/dags/ecommerse_etl.py
[2024-12-29T01:00:50.682+0000] {logging_mixin.py:190} INFO - [2024-12-29T01:00:50.681+0000] {dag.py:3239} INFO - Sync 1 DAGs
[2024-12-29T01:00:50.739+0000] {logging_mixin.py:190} INFO - [2024-12-29T01:00:50.738+0000] {dag.py:4180} INFO - Setting next_dagrun for etl_sales_analysis_test to 2024-12-29 00:00:00+00:00, run_after=2024-12-30 00:00:00+00:00
[2024-12-29T01:00:50.772+0000] {processor.py:208} INFO - Processing /opt/airflow/dags/ecommerse_etl.py took 0.182 seconds
[2024-12-29T01:01:20.895+0000] {processor.py:186} INFO - Started process (PID=11093) to work on /opt/airflow/dags/ecommerse_etl.py
[2024-12-29T01:01:20.896+0000] {processor.py:914} INFO - Processing file /opt/airflow/dags/ecommerse_etl.py for tasks to queue
[2024-12-29T01:01:20.899+0000] {logging_mixin.py:190} INFO - [2024-12-29T01:01:20.898+0000] {dagbag.py:588} INFO - Filling up the DagBag from /opt/airflow/dags/ecommerse_etl.py
[2024-12-29T01:01:20.926+0000] {processor.py:925} INFO - DAG(s) 'etl_sales_analysis_test' retrieved from /opt/airflow/dags/ecommerse_etl.py
[2024-12-29T01:01:20.961+0000] {logging_mixin.py:190} INFO - [2024-12-29T01:01:20.961+0000] {dag.py:3239} INFO - Sync 1 DAGs
[2024-12-29T01:01:21.007+0000] {logging_mixin.py:190} INFO - [2024-12-29T01:01:21.006+0000] {dag.py:4180} INFO - Setting next_dagrun for etl_sales_analysis_test to 2024-12-29 00:00:00+00:00, run_after=2024-12-30 00:00:00+00:00
[2024-12-29T01:01:21.040+0000] {processor.py:208} INFO - Processing /opt/airflow/dags/ecommerse_etl.py took 0.157 seconds
[2024-12-29T01:01:52.371+0000] {processor.py:186} INFO - Started process (PID=11157) to work on /opt/airflow/dags/ecommerse_etl.py
[2024-12-29T01:01:52.372+0000] {processor.py:914} INFO - Processing file /opt/airflow/dags/ecommerse_etl.py for tasks to queue
[2024-12-29T01:01:52.375+0000] {logging_mixin.py:190} INFO - [2024-12-29T01:01:52.374+0000] {dagbag.py:588} INFO - Filling up the DagBag from /opt/airflow/dags/ecommerse_etl.py
[2024-12-29T01:01:52.401+0000] {processor.py:925} INFO - DAG(s) 'etl_sales_analysis_test' retrieved from /opt/airflow/dags/ecommerse_etl.py
[2024-12-29T01:01:52.442+0000] {logging_mixin.py:190} INFO - [2024-12-29T01:01:52.442+0000] {dag.py:3239} INFO - Sync 1 DAGs
[2024-12-29T01:01:52.498+0000] {logging_mixin.py:190} INFO - [2024-12-29T01:01:52.498+0000] {dag.py:4180} INFO - Setting next_dagrun for etl_sales_analysis_test to 2024-12-29 00:00:00+00:00, run_after=2024-12-30 00:00:00+00:00
[2024-12-29T01:01:52.530+0000] {processor.py:208} INFO - Processing /opt/airflow/dags/ecommerse_etl.py took 0.172 seconds
[2024-12-29T01:02:23.230+0000] {processor.py:186} INFO - Started process (PID=11219) to work on /opt/airflow/dags/ecommerse_etl.py
[2024-12-29T01:02:23.232+0000] {processor.py:914} INFO - Processing file /opt/airflow/dags/ecommerse_etl.py for tasks to queue
[2024-12-29T01:02:23.235+0000] {logging_mixin.py:190} INFO - [2024-12-29T01:02:23.234+0000] {dagbag.py:588} INFO - Filling up the DagBag from /opt/airflow/dags/ecommerse_etl.py
[2024-12-29T01:02:23.274+0000] {processor.py:925} INFO - DAG(s) 'etl_sales_analysis_test' retrieved from /opt/airflow/dags/ecommerse_etl.py
[2024-12-29T01:02:23.331+0000] {logging_mixin.py:190} INFO - [2024-12-29T01:02:23.331+0000] {dag.py:3239} INFO - Sync 1 DAGs
[2024-12-29T01:02:23.382+0000] {logging_mixin.py:190} INFO - [2024-12-29T01:02:23.381+0000] {dag.py:4180} INFO - Setting next_dagrun for etl_sales_analysis_test to 2024-12-29 00:00:00+00:00, run_after=2024-12-30 00:00:00+00:00
[2024-12-29T01:02:23.414+0000] {processor.py:208} INFO - Processing /opt/airflow/dags/ecommerse_etl.py took 0.196 seconds
[2024-12-29T01:02:53.645+0000] {processor.py:186} INFO - Started process (PID=11282) to work on /opt/airflow/dags/ecommerse_etl.py
[2024-12-29T01:02:53.647+0000] {processor.py:914} INFO - Processing file /opt/airflow/dags/ecommerse_etl.py for tasks to queue
[2024-12-29T01:02:53.649+0000] {logging_mixin.py:190} INFO - [2024-12-29T01:02:53.649+0000] {dagbag.py:588} INFO - Filling up the DagBag from /opt/airflow/dags/ecommerse_etl.py
[2024-12-29T01:02:53.676+0000] {processor.py:925} INFO - DAG(s) 'etl_sales_analysis_test' retrieved from /opt/airflow/dags/ecommerse_etl.py
[2024-12-29T01:02:53.728+0000] {logging_mixin.py:190} INFO - [2024-12-29T01:02:53.727+0000] {dag.py:3239} INFO - Sync 1 DAGs
[2024-12-29T01:02:53.783+0000] {logging_mixin.py:190} INFO - [2024-12-29T01:02:53.783+0000] {dag.py:4180} INFO - Setting next_dagrun for etl_sales_analysis_test to 2024-12-29 00:00:00+00:00, run_after=2024-12-30 00:00:00+00:00
[2024-12-29T01:02:53.819+0000] {processor.py:208} INFO - Processing /opt/airflow/dags/ecommerse_etl.py took 0.186 seconds
[2024-12-29T01:03:23.940+0000] {processor.py:186} INFO - Started process (PID=11346) to work on /opt/airflow/dags/ecommerse_etl.py
[2024-12-29T01:03:23.942+0000] {processor.py:914} INFO - Processing file /opt/airflow/dags/ecommerse_etl.py for tasks to queue
[2024-12-29T01:03:23.945+0000] {logging_mixin.py:190} INFO - [2024-12-29T01:03:23.944+0000] {dagbag.py:588} INFO - Filling up the DagBag from /opt/airflow/dags/ecommerse_etl.py
[2024-12-29T01:03:23.973+0000] {processor.py:925} INFO - DAG(s) 'etl_sales_analysis_test' retrieved from /opt/airflow/dags/ecommerse_etl.py
[2024-12-29T01:03:24.020+0000] {logging_mixin.py:190} INFO - [2024-12-29T01:03:24.020+0000] {dag.py:3239} INFO - Sync 1 DAGs
[2024-12-29T01:03:24.079+0000] {logging_mixin.py:190} INFO - [2024-12-29T01:03:24.079+0000] {dag.py:4180} INFO - Setting next_dagrun for etl_sales_analysis_test to 2024-12-29 00:00:00+00:00, run_after=2024-12-30 00:00:00+00:00
[2024-12-29T01:03:24.116+0000] {processor.py:208} INFO - Processing /opt/airflow/dags/ecommerse_etl.py took 0.192 seconds
